[0.189s] DEBUG:colcon:Command line arguments: ['/usr/bin/colcon', 'build']
[0.189s] DEBUG:colcon:Parsed command line arguments: Namespace(ament_cmake_args=None, base_paths='.', build_base='build', catkin_cmake_args=None, catkin_skip_building_tests=False, cmake_args=None, cmake_clean_cache=False, cmake_clean_first=False, cmake_force_configure=False, cmake_target=None, cmake_target_skip_unavailable=False, continue_on_error=False, event_handlers=None, executor='parallel', ignore_user_meta=False, install_base='install', log_base='log', log_level=None, main=<bound method BuildVerb.main of <colcon_core.verb.build.BuildVerb object at 0x7fab80b79be0>>, merge_install=False, metas='./colcon.meta', packages_above=None, packages_end=None, packages_ignore=None, packages_ignore_regex=None, packages_select=None, packages_select_build_failed=False, packages_select_by_dep=None, packages_select_regex=None, packages_select_test_failures=False, packages_skip=None, packages_skip_build_finished=False, packages_skip_by_dep=None, packages_skip_regex=None, packages_skip_test_passed=False, packages_skip_up_to=None, packages_start=None, packages_up_to=None, parallel_workers=4, paths=None, symlink_install=False, test_result_base=None, verb_extension=<colcon_core.verb.build.BuildVerb object at 0x7fab80b79be0>, verb_name='build', verb_parser=<colcon_defaults.argument_parser.defaults.DefaultArgumentsDecorator object at 0x7fab80b79f28>)
[0.241s] Level 1:colcon.colcon_core.package_discovery:discover_packages(colcon_meta) check parameters
[0.242s] Level 1:colcon.colcon_core.package_discovery:discover_packages(recursive) check parameters
[0.242s] Level 1:colcon.colcon_core.package_discovery:discover_packages(ignore) check parameters
[0.242s] Level 1:colcon.colcon_core.package_discovery:discover_packages(path) check parameters
[0.242s] Level 1:colcon.colcon_core.package_discovery:discover_packages(recursive) discover
[0.243s] INFO:colcon.colcon_core.package_discovery:Crawling recursively for packages in '/home/lsm/Project/ros2_study'
[0.243s] Level 1:colcon.colcon_core.package_identification:_identify(/home/lsm/Project/ros2_study) by extensions ['ignore', 'ignore_ament_install']
[0.243s] Level 1:colcon.colcon_core.package_identification:_identify(/home/lsm/Project/ros2_study) by extension 'ignore'
[0.244s] Level 1:colcon.colcon_core.package_identification:_identify(/home/lsm/Project/ros2_study) by extension 'ignore_ament_install'
[0.244s] Level 1:colcon.colcon_core.package_identification:_identify(/home/lsm/Project/ros2_study) by extensions ['colcon_pkg']
[0.244s] Level 1:colcon.colcon_core.package_identification:_identify(/home/lsm/Project/ros2_study) by extension 'colcon_pkg'
[0.244s] Level 1:colcon.colcon_core.package_identification:_identify(/home/lsm/Project/ros2_study) by extensions ['colcon_meta']
[0.245s] Level 1:colcon.colcon_core.package_identification:_identify(/home/lsm/Project/ros2_study) by extension 'colcon_meta'
[0.245s] Level 1:colcon.colcon_core.package_identification:_identify(/home/lsm/Project/ros2_study) by extensions ['ros']
[0.245s] Level 1:colcon.colcon_core.package_identification:_identify(/home/lsm/Project/ros2_study) by extension 'ros'
[0.260s] Level 1:colcon.colcon_core.package_identification:_identify(/home/lsm/Project/ros2_study) by extensions ['cmake', 'python']
[0.260s] Level 1:colcon.colcon_core.package_identification:_identify(/home/lsm/Project/ros2_study) by extension 'cmake'
[0.261s] Level 1:colcon.colcon_core.package_identification:_identify(/home/lsm/Project/ros2_study) by extension 'python'
[0.266s] Level 1:colcon.colcon_core.package_identification:_identify(/home/lsm/Project/ros2_study) by extensions ['python_setup_py']
[0.266s] Level 1:colcon.colcon_core.package_identification:_identify(/home/lsm/Project/ros2_study) by extension 'python_setup_py'
[0.268s] DEBUG:colcon.colcon_core.package_identification:Package '/home/lsm/Project/ros2_study' with type 'python' and name 'pub_py'
[0.268s] Level 1:colcon.colcon_core.package_discovery:discover_packages(recursive) using defaults
[0.275s] Level 5:colcon.colcon_core.verb:set package 'pub_py' build argument 'cmake_args' from command line to 'None'
[0.275s] Level 5:colcon.colcon_core.verb:set package 'pub_py' build argument 'cmake_target' from command line to 'None'
[0.275s] Level 5:colcon.colcon_core.verb:set package 'pub_py' build argument 'cmake_target_skip_unavailable' from command line to 'False'
[0.275s] Level 5:colcon.colcon_core.verb:set package 'pub_py' build argument 'cmake_clean_cache' from command line to 'False'
[0.275s] Level 5:colcon.colcon_core.verb:set package 'pub_py' build argument 'cmake_clean_first' from command line to 'False'
[0.275s] Level 5:colcon.colcon_core.verb:set package 'pub_py' build argument 'cmake_force_configure' from command line to 'False'
[0.275s] Level 5:colcon.colcon_core.verb:set package 'pub_py' build argument 'ament_cmake_args' from command line to 'None'
[0.275s] Level 5:colcon.colcon_core.verb:set package 'pub_py' build argument 'catkin_cmake_args' from command line to 'None'
[0.275s] Level 5:colcon.colcon_core.verb:set package 'pub_py' build argument 'catkin_skip_building_tests' from command line to 'False'
[0.275s] DEBUG:colcon.colcon_core.verb:Building package 'pub_py' with the following arguments: {'ament_cmake_args': None, 'build_base': '/home/lsm/Project/ros2_study/build/pub_py', 'catkin_cmake_args': None, 'catkin_skip_building_tests': False, 'cmake_args': None, 'cmake_clean_cache': False, 'cmake_clean_first': False, 'cmake_force_configure': False, 'cmake_target': None, 'cmake_target_skip_unavailable': False, 'install_base': '/home/lsm/Project/ros2_study/install/pub_py', 'merge_install': False, 'path': '/home/lsm/Project/ros2_study', 'symlink_install': False, 'test_result_base': None}
[0.278s] INFO:colcon.colcon_core.executor:Executing jobs using 'parallel' executor
[0.279s] DEBUG:colcon.colcon_parallel_executor.executor.parallel:run_until_complete
[0.280s] INFO:colcon.colcon_core.task.python.build:Building Python package in '/home/lsm/Project/ros2_study'
[0.285s] INFO:colcon.colcon_core.plugin_system:Skipping extension 'colcon_core.shell.bat': Not used on non-Windows systems
[0.286s] INFO:colcon.colcon_core.shell:Skip shell extension 'powershell' for command environment: Not usable outside of PowerShell
[0.286s] DEBUG:colcon.colcon_core.shell:Ignoring prefix path '/opt/ros/crystal'
[0.644s] DEBUG:colcon.colcon_core.event_handler.log_command:Invoking command in '/home/lsm/Project/ros2_study': PYTHONPATH=/home/lsm/Project/ros2_study/install/pub_py/lib/python3.6/site-packages:${PYTHONPATH} /usr/bin/python3 setup.py egg_info --egg-base /home/lsm/Project/ros2_study/build/pub_py build --build-base /home/lsm/Project/ros2_study/build/pub_py/build install --prefix /home/lsm/Project/ros2_study/install/pub_py --record /home/lsm/Project/ros2_study/build/pub_py/install.log --single-version-externally-managed bdist_egg --dist-dir /home/lsm/Project/ros2_study/build/pub_py/dist
[1.049s] DEBUG:colcon.colcon_core.event_handler.log_command:Invoked command in '/home/lsm/Project/ros2_study' returned '0': PYTHONPATH=/home/lsm/Project/ros2_study/install/pub_py/lib/python3.6/site-packages:${PYTHONPATH} /usr/bin/python3 setup.py egg_info --egg-base /home/lsm/Project/ros2_study/build/pub_py build --build-base /home/lsm/Project/ros2_study/build/pub_py/build install --prefix /home/lsm/Project/ros2_study/install/pub_py --record /home/lsm/Project/ros2_study/build/pub_py/install.log --single-version-externally-managed bdist_egg --dist-dir /home/lsm/Project/ros2_study/build/pub_py/dist
[1.053s] Level 1:colcon.colcon_core.environment:checking '/home/lsm/Project/ros2_study/install/pub_py' for CMake module files
[1.054s] Level 1:colcon.colcon_core.environment:checking '/home/lsm/Project/ros2_study/install/pub_py' for CMake config files
[1.055s] Level 1:colcon.colcon_core.environment:checking '/home/lsm/Project/ros2_study/install/pub_py/lib'
[1.056s] Level 1:colcon.colcon_core.environment:checking '/home/lsm/Project/ros2_study/install/pub_py/bin'
[1.056s] Level 1:colcon.colcon_core.environment:checking '/home/lsm/Project/ros2_study/install/pub_py/lib/pkgconfig/pub_py.pc'
[1.056s] Level 1:colcon.colcon_core.environment:checking '/home/lsm/Project/ros2_study/install/pub_py/lib/python3.6/site-packages'
[1.056s] Level 1:colcon.colcon_core.shell:create_environment_hook('pub_py', 'pythonpath')
[1.057s] INFO:colcon.colcon_core.shell:Creating environment hook '/home/lsm/Project/ros2_study/install/pub_py/share/pub_py/hook/pythonpath.ps1'
[1.059s] INFO:colcon.colcon_core.shell:Creating environment hook '/home/lsm/Project/ros2_study/install/pub_py/share/pub_py/hook/pythonpath.sh'
[1.061s] Level 1:colcon.colcon_core.environment:create_environment_scripts_only(pub_py)
[1.062s] INFO:colcon.colcon_core.shell:Creating package script '/home/lsm/Project/ros2_study/install/pub_py/share/pub_py/package.ps1'
[1.064s] INFO:colcon.colcon_core.shell:Creating package script '/home/lsm/Project/ros2_study/install/pub_py/share/pub_py/package.sh'
[1.066s] INFO:colcon.colcon_core.shell:Creating package script '/home/lsm/Project/ros2_study/install/pub_py/share/pub_py/package.bash'
[1.067s] INFO:colcon.colcon_core.shell:Creating package script '/home/lsm/Project/ros2_study/install/pub_py/share/pub_py/package.zsh'
[1.068s] Level 1:colcon.colcon_core.environment:create_file_with_runtime_dependencies(/home/lsm/Project/ros2_study/install/pub_py/share/colcon-core/packages/pub_py)
[1.069s] DEBUG:colcon.colcon_parallel_executor.executor.parallel:closing loop
[1.069s] DEBUG:colcon.colcon_parallel_executor.executor.parallel:loop closed
[1.069s] DEBUG:colcon.colcon_parallel_executor.executor.parallel:run_until_complete finished with '0'
[1.070s] DEBUG:colcon.colcon_core.event_reactor:joining thread
[1.078s] INFO:colcon.colcon_core.plugin_system:Skipping extension 'colcon_notification.desktop_notification.terminal_notifier': Not used on non-Darwin systems
[1.078s] INFO:colcon.colcon_core.plugin_system:Skipping extension 'colcon_notification.desktop_notification.win32': Not used on non-Windows systems
[1.078s] INFO:colcon.colcon_notification.desktop_notification:Sending desktop notification using 'notify2'
[1.081s] DEBUG:colcon.colcon_core.event_reactor:joined thread
[1.083s] INFO:colcon.colcon_core.shell:Creating prefix script '/home/lsm/Project/ros2_study/install/local_setup.ps1'
[1.085s] INFO:colcon.colcon_core.shell:Creating prefix chain script '/home/lsm/Project/ros2_study/install/setup.ps1'
[1.087s] INFO:colcon.colcon_core.shell:Creating prefix script '/home/lsm/Project/ros2_study/install/local_setup.sh'
[1.089s] INFO:colcon.colcon_core.shell:Creating prefix chain script '/home/lsm/Project/ros2_study/install/setup.sh'
[1.091s] INFO:colcon.colcon_core.shell:Creating prefix script '/home/lsm/Project/ros2_study/install/local_setup.bash'
[1.093s] INFO:colcon.colcon_core.shell:Creating prefix chain script '/home/lsm/Project/ros2_study/install/setup.bash'
[1.094s] INFO:colcon.colcon_core.shell:Creating prefix script '/home/lsm/Project/ros2_study/install/local_setup.zsh'
[1.096s] INFO:colcon.colcon_core.shell:Creating prefix chain script '/home/lsm/Project/ros2_study/install/setup.zsh'
