-- Found ament_cmake: 0.6.0 (/opt/ros/crystal/share/ament_cmake/cmake)
-- Using PYTHON_EXECUTABLE: /usr/bin/python3
-- Found rclcpp: 0.6.3 (/opt/ros/crystal/share/rclcpp/cmake)
-- Found rosidl_adapter: 0.6.3 (/opt/ros/crystal/share/rosidl_adapter/cmake)
-- Found rmw_implementation_cmake: 0.6.1 (/opt/ros/crystal/share/rmw_implementation_cmake/cmake)
-- Found contact: 0.0.0 (/home/lsm/Project/ros2_study/5.custom/install/contact/share/contact/cmake)
-- Found ament_lint_auto: 0.6.3 (/opt/ros/crystal/share/ament_lint_auto/cmake)
-- Added test 'copyright' to check for copyright in CMake / C / C++ / Python code
-- Added test 'cppcheck' to perform static code analysis on C / C++ code
-- Added test 'cpplint' to check C / C++ code against the Google style
-- Added test 'lint_cmake' to check CMake code style
-- Added test 'uncrustify' to check C / C++ code style
-- Added test 'xmllint' to check XML markup files
-- Configuring done
-- Generating done
-- Build files have been written to: /home/lsm/Project/ros2_study/5.custom/build/cpublisher
[35m[1mScanning dependencies of target cpublisher[0m
[ 50%] [32mBuilding CXX object CMakeFiles/cpublisher.dir/publish_contact.cpp.o[0m
CMakeFiles/cpublisher.dir/build.make:62: recipe for target 'CMakeFiles/cpublisher.dir/publish_contact.cpp.o' failed
CMakeFiles/Makefile2:547: recipe for target 'CMakeFiles/cpublisher.dir/all' failed
Makefile:140: recipe for target 'all' failed
