Invoking command in '/home/lsm/Project/ros2_study/3.services/client/build/client': CMAKE_PREFIX_PATH=/opt/ros/crystal /usr/bin/cmake /home/lsm/Project/ros2_study/3.services/client -DCMAKE_INSTALL_PREFIX=/home/lsm/Project/ros2_study/3.services/client/install/client
-- The C compiler identification is GNU 7.3.0
-- The CXX compiler identification is GNU 7.3.0
-- Check for working C compiler: /usr/bin/cc
-- Check for working C compiler: /usr/bin/cc -- works
-- Detecting C compiler ABI info
-- Detecting C compiler ABI info - done
-- Detecting C compile features
-- Detecting C compile features - done
-- Check for working CXX compiler: /usr/bin/c++
-- Check for working CXX compiler: /usr/bin/c++ -- works
-- Detecting CXX compiler ABI info
-- Detecting CXX compiler ABI info - done
-- Detecting CXX compile features
-- Detecting CXX compile features - done
-- Found ament_cmake: 0.6.0 (/opt/ros/crystal/share/ament_cmake/cmake)
-- Found PythonInterp: /usr/bin/python3 (found suitable version "3.6.7", minimum required is "3") 
-- Using PYTHON_EXECUTABLE: /usr/bin/python3
-- Found ament_lint_auto: 0.6.3 (/opt/ros/crystal/share/ament_lint_auto/cmake)
-- Added test 'copyright' to check for copyright in CMake / C / C++ / Python code
-- Added test 'cppcheck' to perform static code analysis on C / C++ code
-- Added test 'cpplint' to check C / C++ code against the Google style
-- Added test 'flake8' to check Python code syntax and style conventions
-- Added test 'lint_cmake' to check CMake code style
-- Added test 'pep257' to check Python code against some of the style conventions in PEP 257
-- Added test 'uncrustify' to check C / C++ code style
-- Added test 'xmllint' to check XML markup files
-- Configuring done
-- Generating done
-- Build files have been written to: /home/lsm/Project/ros2_study/3.services/client/build/client
Invoked command in '/home/lsm/Project/ros2_study/3.services/client/build/client' returned '0': CMAKE_PREFIX_PATH=/opt/ros/crystal /usr/bin/cmake /home/lsm/Project/ros2_study/3.services/client -DCMAKE_INSTALL_PREFIX=/home/lsm/Project/ros2_study/3.services/client/install/client
Invoking command in '/home/lsm/Project/ros2_study/3.services/client/build/client': CMAKE_PREFIX_PATH=/opt/ros/crystal /usr/bin/cmake --build /home/lsm/Project/ros2_study/3.services/client/build/client -- -j4 -l4
Invoked command in '/home/lsm/Project/ros2_study/3.services/client/build/client' returned '0': CMAKE_PREFIX_PATH=/opt/ros/crystal /usr/bin/cmake --build /home/lsm/Project/ros2_study/3.services/client/build/client -- -j4 -l4
Invoking command in '/home/lsm/Project/ros2_study/3.services/client/build/client': CMAKE_PREFIX_PATH=/opt/ros/crystal /usr/bin/cmake --build /home/lsm/Project/ros2_study/3.services/client/build/client --target install
[36mInstall the project...[0m
-- Install configuration: ""
-- Installing: /home/lsm/Project/ros2_study/3.services/client/install/client/share/ament_index/resource_index/package_run_dependencies/client
-- Installing: /home/lsm/Project/ros2_study/3.services/client/install/client/share/ament_index/resource_index/parent_prefix_path/client
-- Installing: /home/lsm/Project/ros2_study/3.services/client/install/client/share/client/environment/ament_prefix_path.sh
-- Installing: /home/lsm/Project/ros2_study/3.services/client/install/client/share/client/environment/path.sh
-- Installing: /home/lsm/Project/ros2_study/3.services/client/install/client/share/client/local_setup.bash
-- Installing: /home/lsm/Project/ros2_study/3.services/client/install/client/share/client/local_setup.sh
-- Installing: /home/lsm/Project/ros2_study/3.services/client/install/client/share/client/local_setup.zsh
-- Installing: /home/lsm/Project/ros2_study/3.services/client/install/client/share/ament_index/resource_index/packages/client
-- Installing: /home/lsm/Project/ros2_study/3.services/client/install/client/share/client/cmake/clientConfig.cmake
-- Installing: /home/lsm/Project/ros2_study/3.services/client/install/client/share/client/cmake/clientConfig-version.cmake
-- Installing: /home/lsm/Project/ros2_study/3.services/client/install/client/share/client/package.xml
Invoked command in '/home/lsm/Project/ros2_study/3.services/client/build/client' returned '0': CMAKE_PREFIX_PATH=/opt/ros/crystal /usr/bin/cmake --build /home/lsm/Project/ros2_study/3.services/client/build/client --target install
