[0.187s] DEBUG:colcon:Command line arguments: ['/usr/bin/colcon', 'build']
[0.187s] DEBUG:colcon:Parsed command line arguments: Namespace(ament_cmake_args=None, base_paths='.', build_base='build', catkin_cmake_args=None, catkin_skip_building_tests=False, cmake_args=None, cmake_clean_cache=False, cmake_clean_first=False, cmake_force_configure=False, cmake_target=None, cmake_target_skip_unavailable=False, continue_on_error=False, event_handlers=None, executor='parallel', ignore_user_meta=False, install_base='install', log_base='log', log_level=None, main=<bound method BuildVerb.main of <colcon_core.verb.build.BuildVerb object at 0x7fb53ea48c18>>, merge_install=False, metas='./colcon.meta', packages_above=None, packages_end=None, packages_ignore=None, packages_ignore_regex=None, packages_select=None, packages_select_build_failed=False, packages_select_by_dep=None, packages_select_regex=None, packages_select_test_failures=False, packages_skip=None, packages_skip_build_finished=False, packages_skip_by_dep=None, packages_skip_regex=None, packages_skip_test_passed=False, packages_skip_up_to=None, packages_start=None, packages_up_to=None, parallel_workers=4, paths=None, symlink_install=False, test_result_base=None, verb_extension=<colcon_core.verb.build.BuildVerb object at 0x7fb53ea48c18>, verb_name='build', verb_parser=<colcon_defaults.argument_parser.defaults.DefaultArgumentsDecorator object at 0x7fb53ea48f98>)
[0.238s] Level 1:colcon.colcon_core.package_discovery:discover_packages(colcon_meta) check parameters
[0.238s] Level 1:colcon.colcon_core.package_discovery:discover_packages(recursive) check parameters
[0.238s] Level 1:colcon.colcon_core.package_discovery:discover_packages(ignore) check parameters
[0.239s] Level 1:colcon.colcon_core.package_discovery:discover_packages(path) check parameters
[0.239s] Level 1:colcon.colcon_core.package_discovery:discover_packages(recursive) discover
[0.239s] INFO:colcon.colcon_core.package_discovery:Crawling recursively for packages in '/home/lsm/Project/ros2_study/3.services/service'
[0.239s] Level 1:colcon.colcon_core.package_identification:_identify(/home/lsm/Project/ros2_study/3.services/service) by extensions ['ignore', 'ignore_ament_install']
[0.240s] Level 1:colcon.colcon_core.package_identification:_identify(/home/lsm/Project/ros2_study/3.services/service) by extension 'ignore'
[0.240s] Level 1:colcon.colcon_core.package_identification:_identify(/home/lsm/Project/ros2_study/3.services/service) by extension 'ignore_ament_install'
[0.240s] Level 1:colcon.colcon_core.package_identification:_identify(/home/lsm/Project/ros2_study/3.services/service) by extensions ['colcon_pkg']
[0.240s] Level 1:colcon.colcon_core.package_identification:_identify(/home/lsm/Project/ros2_study/3.services/service) by extension 'colcon_pkg'
[0.240s] Level 1:colcon.colcon_core.package_identification:_identify(/home/lsm/Project/ros2_study/3.services/service) by extensions ['colcon_meta']
[0.240s] Level 1:colcon.colcon_core.package_identification:_identify(/home/lsm/Project/ros2_study/3.services/service) by extension 'colcon_meta'
[0.240s] Level 1:colcon.colcon_core.package_identification:_identify(/home/lsm/Project/ros2_study/3.services/service) by extensions ['ros']
[0.240s] Level 1:colcon.colcon_core.package_identification:_identify(/home/lsm/Project/ros2_study/3.services/service) by extension 'ros'
[0.263s] DEBUG:colcon.colcon_core.package_identification:Package '/home/lsm/Project/ros2_study/3.services/service' with type 'ros.ament_python' and name 'service'
[0.263s] Level 1:colcon.colcon_core.package_discovery:discover_packages(recursive) using defaults
[0.270s] Level 5:colcon.colcon_core.verb:set package 'service' build argument 'cmake_args' from command line to 'None'
[0.270s] Level 5:colcon.colcon_core.verb:set package 'service' build argument 'cmake_target' from command line to 'None'
[0.270s] Level 5:colcon.colcon_core.verb:set package 'service' build argument 'cmake_target_skip_unavailable' from command line to 'False'
[0.270s] Level 5:colcon.colcon_core.verb:set package 'service' build argument 'cmake_clean_cache' from command line to 'False'
[0.270s] Level 5:colcon.colcon_core.verb:set package 'service' build argument 'cmake_clean_first' from command line to 'False'
[0.270s] Level 5:colcon.colcon_core.verb:set package 'service' build argument 'cmake_force_configure' from command line to 'False'
[0.270s] Level 5:colcon.colcon_core.verb:set package 'service' build argument 'ament_cmake_args' from command line to 'None'
[0.270s] Level 5:colcon.colcon_core.verb:set package 'service' build argument 'catkin_cmake_args' from command line to 'None'
[0.270s] Level 5:colcon.colcon_core.verb:set package 'service' build argument 'catkin_skip_building_tests' from command line to 'False'
[0.270s] DEBUG:colcon.colcon_core.verb:Building package 'service' with the following arguments: {'ament_cmake_args': None, 'build_base': '/home/lsm/Project/ros2_study/3.services/service/build/service', 'catkin_cmake_args': None, 'catkin_skip_building_tests': False, 'cmake_args': None, 'cmake_clean_cache': False, 'cmake_clean_first': False, 'cmake_force_configure': False, 'cmake_target': None, 'cmake_target_skip_unavailable': False, 'install_base': '/home/lsm/Project/ros2_study/3.services/service/install/service', 'merge_install': False, 'path': '/home/lsm/Project/ros2_study/3.services/service', 'symlink_install': False, 'test_result_base': None}
[0.272s] INFO:colcon.colcon_core.executor:Executing jobs using 'parallel' executor
[0.273s] DEBUG:colcon.colcon_parallel_executor.executor.parallel:run_until_complete
[0.274s] INFO:colcon.colcon_ros.task.ament_python.build:Building ROS package in '/home/lsm/Project/ros2_study/3.services/service' with build type 'ament_python'
[0.274s] Level 1:colcon.colcon_core.shell:create_environment_hook('service', 'ament_prefix_path')
[0.279s] INFO:colcon.colcon_core.plugin_system:Skipping extension 'colcon_core.shell.bat': Not used on non-Windows systems
[0.279s] INFO:colcon.colcon_core.shell:Creating environment hook '/home/lsm/Project/ros2_study/3.services/service/install/service/share/service/hook/ament_prefix_path.ps1'
[0.280s] INFO:colcon.colcon_core.shell:Creating environment hook '/home/lsm/Project/ros2_study/3.services/service/install/service/share/service/hook/ament_prefix_path.sh'
[0.281s] INFO:colcon.colcon_core.task.python.build:Building Python package in '/home/lsm/Project/ros2_study/3.services/service'
[0.282s] INFO:colcon.colcon_core.shell:Skip shell extension 'powershell' for command environment: Not usable outside of PowerShell
[0.283s] DEBUG:colcon.colcon_core.shell:Ignoring prefix path '/opt/ros/crystal'
[0.639s] DEBUG:colcon.colcon_core.event_handler.log_command:Invoking command in '/home/lsm/Project/ros2_study/3.services/service': PYTHONPATH=/home/lsm/Project/ros2_study/3.services/service/install/service/lib/python3.6/site-packages:${PYTHONPATH} /usr/bin/python3 setup.py egg_info --egg-base /home/lsm/Project/ros2_study/3.services/service/build/service build --build-base /home/lsm/Project/ros2_study/3.services/service/build/service/build install --prefix /home/lsm/Project/ros2_study/3.services/service/install/service --record /home/lsm/Project/ros2_study/3.services/service/build/service/install.log --single-version-externally-managed bdist_egg --dist-dir /home/lsm/Project/ros2_study/3.services/service/build/service/dist
[1.060s] DEBUG:colcon.colcon_core.event_handler.log_command:Invoked command in '/home/lsm/Project/ros2_study/3.services/service' returned '0': PYTHONPATH=/home/lsm/Project/ros2_study/3.services/service/install/service/lib/python3.6/site-packages:${PYTHONPATH} /usr/bin/python3 setup.py egg_info --egg-base /home/lsm/Project/ros2_study/3.services/service/build/service build --build-base /home/lsm/Project/ros2_study/3.services/service/build/service/build install --prefix /home/lsm/Project/ros2_study/3.services/service/install/service --record /home/lsm/Project/ros2_study/3.services/service/build/service/install.log --single-version-externally-managed bdist_egg --dist-dir /home/lsm/Project/ros2_study/3.services/service/build/service/dist
[1.063s] Level 1:colcon.colcon_core.environment:checking '/home/lsm/Project/ros2_study/3.services/service/install/service' for CMake module files
[1.064s] Level 1:colcon.colcon_core.environment:checking '/home/lsm/Project/ros2_study/3.services/service/install/service' for CMake config files
[1.065s] Level 1:colcon.colcon_core.environment:checking '/home/lsm/Project/ros2_study/3.services/service/install/service/lib'
[1.066s] Level 1:colcon.colcon_core.environment:checking '/home/lsm/Project/ros2_study/3.services/service/install/service/bin'
[1.066s] Level 1:colcon.colcon_core.environment:checking '/home/lsm/Project/ros2_study/3.services/service/install/service/lib/pkgconfig/service.pc'
[1.066s] Level 1:colcon.colcon_core.environment:checking '/home/lsm/Project/ros2_study/3.services/service/install/service/lib/python3.6/site-packages'
[1.066s] Level 1:colcon.colcon_core.shell:create_environment_hook('service', 'pythonpath')
[1.067s] INFO:colcon.colcon_core.shell:Creating environment hook '/home/lsm/Project/ros2_study/3.services/service/install/service/share/service/hook/pythonpath.ps1'
[1.067s] INFO:colcon.colcon_core.shell:Creating environment hook '/home/lsm/Project/ros2_study/3.services/service/install/service/share/service/hook/pythonpath.sh'
[1.068s] Level 1:colcon.colcon_core.environment:create_environment_scripts_only(service)
[1.069s] INFO:colcon.colcon_core.shell:Creating package script '/home/lsm/Project/ros2_study/3.services/service/install/service/share/service/package.ps1'
[1.070s] INFO:colcon.colcon_core.shell:Creating package script '/home/lsm/Project/ros2_study/3.services/service/install/service/share/service/package.sh'
[1.072s] INFO:colcon.colcon_core.shell:Creating package script '/home/lsm/Project/ros2_study/3.services/service/install/service/share/service/package.bash'
[1.073s] INFO:colcon.colcon_core.shell:Creating package script '/home/lsm/Project/ros2_study/3.services/service/install/service/share/service/package.zsh'
[1.075s] Level 1:colcon.colcon_core.environment:create_file_with_runtime_dependencies(/home/lsm/Project/ros2_study/3.services/service/install/service/share/colcon-core/packages/service)
[1.076s] DEBUG:colcon.colcon_parallel_executor.executor.parallel:closing loop
[1.076s] DEBUG:colcon.colcon_parallel_executor.executor.parallel:loop closed
[1.076s] DEBUG:colcon.colcon_parallel_executor.executor.parallel:run_until_complete finished with '0'
[1.077s] DEBUG:colcon.colcon_core.event_reactor:joining thread
[1.086s] INFO:colcon.colcon_core.plugin_system:Skipping extension 'colcon_notification.desktop_notification.terminal_notifier': Not used on non-Darwin systems
[1.086s] INFO:colcon.colcon_core.plugin_system:Skipping extension 'colcon_notification.desktop_notification.win32': Not used on non-Windows systems
[1.086s] INFO:colcon.colcon_notification.desktop_notification:Sending desktop notification using 'notify2'
[1.094s] DEBUG:colcon.colcon_core.event_reactor:joined thread
[1.096s] INFO:colcon.colcon_core.shell:Creating prefix script '/home/lsm/Project/ros2_study/3.services/service/install/local_setup.ps1'
[1.098s] INFO:colcon.colcon_core.shell:Creating prefix chain script '/home/lsm/Project/ros2_study/3.services/service/install/setup.ps1'
[1.100s] INFO:colcon.colcon_core.shell:Creating prefix script '/home/lsm/Project/ros2_study/3.services/service/install/local_setup.sh'
[1.102s] INFO:colcon.colcon_core.shell:Creating prefix chain script '/home/lsm/Project/ros2_study/3.services/service/install/setup.sh'
[1.105s] INFO:colcon.colcon_core.shell:Creating prefix script '/home/lsm/Project/ros2_study/3.services/service/install/local_setup.bash'
[1.107s] INFO:colcon.colcon_core.shell:Creating prefix chain script '/home/lsm/Project/ros2_study/3.services/service/install/setup.bash'
[1.109s] INFO:colcon.colcon_core.shell:Creating prefix script '/home/lsm/Project/ros2_study/3.services/service/install/local_setup.zsh'
[1.111s] INFO:colcon.colcon_core.shell:Creating prefix chain script '/home/lsm/Project/ros2_study/3.services/service/install/setup.zsh'
