-- The C compiler identification is GNU 7.3.0
-- The CXX compiler identification is GNU 7.3.0
-- Check for working C compiler: /usr/bin/cc
-- Check for working C compiler: /usr/bin/cc -- works
-- Detecting C compiler ABI info
-- Detecting C compiler ABI info - done
-- Detecting C compile features
-- Detecting C compile features - done
-- Check for working CXX compiler: /usr/bin/c++
-- Check for working CXX compiler: /usr/bin/c++ -- works
-- Detecting CXX compiler ABI info
-- Detecting CXX compiler ABI info - done
-- Detecting CXX compile features
-- Detecting CXX compile features - done
-- Found ament_cmake: 0.6.0 (/opt/ros/crystal/share/ament_cmake/cmake)
-- Found PythonInterp: /usr/bin/python3 (found suitable version "3.6.7", minimum required is "3") 
-- Using PYTHON_EXECUTABLE: /usr/bin/python3
-- Found rclcpp: 0.6.3 (/opt/ros/crystal/share/rclcpp/cmake)
-- Found rosidl_adapter: 0.6.3 (/opt/ros/crystal/share/rosidl_adapter/cmake)
-- Found rmw_implementation_cmake: 0.6.1 (/opt/ros/crystal/share/rmw_implementation_cmake/cmake)
-- Found OpenCV: /usr (found version "3.2.0") 
-- Found sensor_msgs: 0.6.1 (/opt/ros/crystal/share/sensor_msgs/cmake)
-- Found ament_lint_auto: 0.6.3 (/opt/ros/crystal/share/ament_lint_auto/cmake)
-- Added test 'copyright' to check for copyright in CMake / C / C++ / Python code
-- Added test 'cppcheck' to perform static code analysis on C / C++ code
-- Added test 'cpplint' to check C / C++ code against the Google style
-- Added test 'lint_cmake' to check CMake code style
-- Added test 'uncrustify' to check C / C++ code style
-- Added test 'xmllint' to check XML markup files
-- Configuring done
-- Generating done
-- Build files have been written to: /home/lsm/Project/ros2_study/6.img/build/cv_img
[35m[1mScanning dependencies of target cv_sub[0m
[35m[1mScanning dependencies of target cv_pub[0m
[ 25%] [32mBuilding CXX object CMakeFiles/cv_sub.dir/src/subscriber.cpp.o[0m
[ 50%] [32mBuilding CXX object CMakeFiles/cv_pub.dir/src/publisher.cpp.o[0m
[ 75%] [32m[1mLinking CXX executable cv_pub[0m
[100%] [32m[1mLinking CXX executable cv_sub[0m
[100%] Built target cv_sub
[100%] Built target cv_pub
[ 50%] Built target cv_pub
[100%] Built target cv_sub
[36mInstall the project...[0m
-- Install configuration: ""
-- Installing: /home/lsm/Project/ros2_study/6.img/install/cv_img/lib/cv_img/cv_pub
-- Set runtime path of "/home/lsm/Project/ros2_study/6.img/install/cv_img/lib/cv_img/cv_pub" to ""
-- Installing: /home/lsm/Project/ros2_study/6.img/install/cv_img/lib/cv_img/cv_sub
-- Set runtime path of "/home/lsm/Project/ros2_study/6.img/install/cv_img/lib/cv_img/cv_sub" to ""
-- Installing: /home/lsm/Project/ros2_study/6.img/install/cv_img/share/ament_index/resource_index/package_run_dependencies/cv_img
-- Installing: /home/lsm/Project/ros2_study/6.img/install/cv_img/share/ament_index/resource_index/parent_prefix_path/cv_img
-- Installing: /home/lsm/Project/ros2_study/6.img/install/cv_img/share/cv_img/environment/ament_prefix_path.sh
-- Installing: /home/lsm/Project/ros2_study/6.img/install/cv_img/share/cv_img/environment/path.sh
-- Installing: /home/lsm/Project/ros2_study/6.img/install/cv_img/share/cv_img/local_setup.bash
-- Installing: /home/lsm/Project/ros2_study/6.img/install/cv_img/share/cv_img/local_setup.sh
-- Installing: /home/lsm/Project/ros2_study/6.img/install/cv_img/share/cv_img/local_setup.zsh
-- Installing: /home/lsm/Project/ros2_study/6.img/install/cv_img/share/ament_index/resource_index/packages/cv_img
-- Installing: /home/lsm/Project/ros2_study/6.img/install/cv_img/share/cv_img/cmake/cv_imgConfig.cmake
-- Installing: /home/lsm/Project/ros2_study/6.img/install/cv_img/share/cv_img/cmake/cv_imgConfig-version.cmake
-- Installing: /home/lsm/Project/ros2_study/6.img/install/cv_img/share/cv_img/package.xml
