[0.187s] DEBUG:colcon:Command line arguments: ['/usr/bin/colcon', 'build']
[0.187s] DEBUG:colcon:Parsed command line arguments: Namespace(ament_cmake_args=None, base_paths='.', build_base='build', catkin_cmake_args=None, catkin_skip_building_tests=False, cmake_args=None, cmake_clean_cache=False, cmake_clean_first=False, cmake_force_configure=False, cmake_target=None, cmake_target_skip_unavailable=False, continue_on_error=False, event_handlers=None, executor='parallel', ignore_user_meta=False, install_base='install', log_base='log', log_level=None, main=<bound method BuildVerb.main of <colcon_core.verb.build.BuildVerb object at 0x7f74ef34d9b0>>, merge_install=False, metas='./colcon.meta', packages_above=None, packages_end=None, packages_ignore=None, packages_ignore_regex=None, packages_select=None, packages_select_build_failed=False, packages_select_by_dep=None, packages_select_regex=None, packages_select_test_failures=False, packages_skip=None, packages_skip_build_finished=False, packages_skip_by_dep=None, packages_skip_regex=None, packages_skip_test_passed=False, packages_skip_up_to=None, packages_start=None, packages_up_to=None, parallel_workers=4, paths=None, symlink_install=False, test_result_base=None, verb_extension=<colcon_core.verb.build.BuildVerb object at 0x7f74ef34d9b0>, verb_name='build', verb_parser=<colcon_defaults.argument_parser.defaults.DefaultArgumentsDecorator object at 0x7f74ef34dd30>)
[0.238s] Level 1:colcon.colcon_core.package_discovery:discover_packages(colcon_meta) check parameters
[0.239s] Level 1:colcon.colcon_core.package_discovery:discover_packages(recursive) check parameters
[0.239s] Level 1:colcon.colcon_core.package_discovery:discover_packages(ignore) check parameters
[0.239s] Level 1:colcon.colcon_core.package_discovery:discover_packages(path) check parameters
[0.239s] Level 1:colcon.colcon_core.package_discovery:discover_packages(recursive) discover
[0.240s] INFO:colcon.colcon_core.package_discovery:Crawling recursively for packages in '/home/lsm/Project/ros2_study/3.services/client'
[0.240s] Level 1:colcon.colcon_core.package_identification:_identify(/home/lsm/Project/ros2_study/3.services/client) by extensions ['ignore', 'ignore_ament_install']
[0.241s] Level 1:colcon.colcon_core.package_identification:_identify(/home/lsm/Project/ros2_study/3.services/client) by extension 'ignore'
[0.241s] Level 1:colcon.colcon_core.package_identification:_identify(/home/lsm/Project/ros2_study/3.services/client) by extension 'ignore_ament_install'
[0.241s] Level 1:colcon.colcon_core.package_identification:_identify(/home/lsm/Project/ros2_study/3.services/client) by extensions ['colcon_pkg']
[0.241s] Level 1:colcon.colcon_core.package_identification:_identify(/home/lsm/Project/ros2_study/3.services/client) by extension 'colcon_pkg'
[0.241s] Level 1:colcon.colcon_core.package_identification:_identify(/home/lsm/Project/ros2_study/3.services/client) by extensions ['colcon_meta']
[0.242s] Level 1:colcon.colcon_core.package_identification:_identify(/home/lsm/Project/ros2_study/3.services/client) by extension 'colcon_meta'
[0.242s] Level 1:colcon.colcon_core.package_identification:_identify(/home/lsm/Project/ros2_study/3.services/client) by extensions ['ros']
[0.242s] Level 1:colcon.colcon_core.package_identification:_identify(/home/lsm/Project/ros2_study/3.services/client) by extension 'ros'
[0.260s] DEBUG:colcon.colcon_core.package_identification:Package '/home/lsm/Project/ros2_study/3.services/client' with type 'ros.ament_cmake' and name 'client'
[0.260s] Level 1:colcon.colcon_core.package_discovery:discover_packages(recursive) using defaults
[0.267s] Level 5:colcon.colcon_core.verb:set package 'client' build argument 'cmake_args' from command line to 'None'
[0.267s] Level 5:colcon.colcon_core.verb:set package 'client' build argument 'cmake_target' from command line to 'None'
[0.267s] Level 5:colcon.colcon_core.verb:set package 'client' build argument 'cmake_target_skip_unavailable' from command line to 'False'
[0.267s] Level 5:colcon.colcon_core.verb:set package 'client' build argument 'cmake_clean_cache' from command line to 'False'
[0.267s] Level 5:colcon.colcon_core.verb:set package 'client' build argument 'cmake_clean_first' from command line to 'False'
[0.268s] Level 5:colcon.colcon_core.verb:set package 'client' build argument 'cmake_force_configure' from command line to 'False'
[0.268s] Level 5:colcon.colcon_core.verb:set package 'client' build argument 'ament_cmake_args' from command line to 'None'
[0.268s] Level 5:colcon.colcon_core.verb:set package 'client' build argument 'catkin_cmake_args' from command line to 'None'
[0.268s] Level 5:colcon.colcon_core.verb:set package 'client' build argument 'catkin_skip_building_tests' from command line to 'False'
[0.268s] DEBUG:colcon.colcon_core.verb:Building package 'client' with the following arguments: {'ament_cmake_args': None, 'build_base': '/home/lsm/Project/ros2_study/3.services/client/build/client', 'catkin_cmake_args': None, 'catkin_skip_building_tests': False, 'cmake_args': None, 'cmake_clean_cache': False, 'cmake_clean_first': False, 'cmake_force_configure': False, 'cmake_target': None, 'cmake_target_skip_unavailable': False, 'install_base': '/home/lsm/Project/ros2_study/3.services/client/install/client', 'merge_install': False, 'path': '/home/lsm/Project/ros2_study/3.services/client', 'symlink_install': False, 'test_result_base': None}
[0.270s] INFO:colcon.colcon_core.executor:Executing jobs using 'parallel' executor
[0.271s] DEBUG:colcon.colcon_parallel_executor.executor.parallel:run_until_complete
[0.272s] INFO:colcon.colcon_ros.task.ament_cmake.build:Building ROS package in '/home/lsm/Project/ros2_study/3.services/client' with build type 'ament_cmake'
[0.277s] INFO:colcon.colcon_core.plugin_system:Skipping extension 'colcon_core.shell.bat': Not used on non-Windows systems
[0.278s] INFO:colcon.colcon_cmake.task.cmake.build:Building CMake package in '/home/lsm/Project/ros2_study/3.services/client'
[0.279s] INFO:colcon.colcon_core.shell:Skip shell extension 'powershell' for command environment: Not usable outside of PowerShell
[0.279s] DEBUG:colcon.colcon_core.shell:Ignoring prefix path '/opt/ros/crystal'
[0.293s] DEBUG:colcon.colcon_core.event_handler.log_command:Invoking command in '/home/lsm/Project/ros2_study/3.services/client/build/client': CMAKE_PREFIX_PATH=${CMAKE_PREFIX_PATH}:/opt/ros/crystal /usr/bin/cmake --build /home/lsm/Project/ros2_study/3.services/client/build/client -- -j4 -l4
[0.320s] DEBUG:colcon.colcon_core.event_handler.log_command:Invoked command in '/home/lsm/Project/ros2_study/3.services/client/build/client' returned '2': CMAKE_PREFIX_PATH=${CMAKE_PREFIX_PATH}:/opt/ros/crystal /usr/bin/cmake --build /home/lsm/Project/ros2_study/3.services/client/build/client -- -j4 -l4
[0.329s] DEBUG:colcon.colcon_parallel_executor.executor.parallel:closing loop
[0.330s] DEBUG:colcon.colcon_parallel_executor.executor.parallel:loop closed
[0.330s] DEBUG:colcon.colcon_parallel_executor.executor.parallel:run_until_complete finished with '2'
[0.330s] DEBUG:colcon.colcon_core.event_reactor:joining thread
[0.338s] INFO:colcon.colcon_core.plugin_system:Skipping extension 'colcon_notification.desktop_notification.terminal_notifier': Not used on non-Darwin systems
[0.338s] INFO:colcon.colcon_core.plugin_system:Skipping extension 'colcon_notification.desktop_notification.win32': Not used on non-Windows systems
[0.338s] INFO:colcon.colcon_notification.desktop_notification:Sending desktop notification using 'notify2'
[0.341s] DEBUG:colcon.colcon_core.event_reactor:joined thread
[0.343s] INFO:colcon.colcon_core.shell:Creating prefix script '/home/lsm/Project/ros2_study/3.services/client/install/local_setup.ps1'
[0.347s] INFO:colcon.colcon_core.shell:Creating prefix chain script '/home/lsm/Project/ros2_study/3.services/client/install/setup.ps1'
[0.349s] INFO:colcon.colcon_core.shell:Creating prefix script '/home/lsm/Project/ros2_study/3.services/client/install/local_setup.sh'
[0.351s] INFO:colcon.colcon_core.shell:Creating prefix chain script '/home/lsm/Project/ros2_study/3.services/client/install/setup.sh'
[0.354s] INFO:colcon.colcon_core.shell:Creating prefix script '/home/lsm/Project/ros2_study/3.services/client/install/local_setup.bash'
[0.356s] INFO:colcon.colcon_core.shell:Creating prefix chain script '/home/lsm/Project/ros2_study/3.services/client/install/setup.bash'
[0.358s] INFO:colcon.colcon_core.shell:Creating prefix script '/home/lsm/Project/ros2_study/3.services/client/install/local_setup.zsh'
[0.360s] INFO:colcon.colcon_core.shell:Creating prefix chain script '/home/lsm/Project/ros2_study/3.services/client/install/setup.zsh'
