Invoking command in '/home/lsm/Project/ros2_study/5.custom/build/cpublisher': CMAKE_PREFIX_PATH=${CMAKE_PREFIX_PATH}:/opt/ros/crystal /usr/bin/cmake /home/lsm/Project/ros2_study/5.custom/cpublisher -DCMAKE_INSTALL_PREFIX=/home/lsm/Project/ros2_study/5.custom/install/cpublisher
-- The C compiler identification is GNU 7.3.0
-- The CXX compiler identification is GNU 7.3.0
-- Check for working C compiler: /usr/bin/cc
-- Check for working C compiler: /usr/bin/cc -- works
-- Detecting C compiler ABI info
-- Detecting C compiler ABI info - done
-- Detecting C compile features
-- Detecting C compile features - done
-- Check for working CXX compiler: /usr/bin/c++
-- Check for working CXX compiler: /usr/bin/c++ -- works
-- Detecting CXX compiler ABI info
-- Detecting CXX compiler ABI info - done
-- Detecting CXX compile features
-- Detecting CXX compile features - done
-- Found ament_cmake: 0.6.0 (/opt/ros/crystal/share/ament_cmake/cmake)
-- Found PythonInterp: /usr/bin/python3 (found suitable version "3.6.7", minimum required is "3") 
-- Using PYTHON_EXECUTABLE: /usr/bin/python3
-- Found contact: 0.0.0 (/home/lsm/Project/ros2_study/5.custom/install/contact/share/contact/cmake)
CMake Error at /opt/ros/crystal/share/ament_cmake_target_dependencies/cmake/ament_target_dependencies.cmake:33 (message):
  ament_target_dependencies() the first argument must be a valid target name
Call Stack (most recent call first):
  CMakeLists.txt:25 (ament_target_dependencies)


-- Configuring incomplete, errors occurred!
See also "/home/lsm/Project/ros2_study/5.custom/build/cpublisher/CMakeFiles/CMakeOutput.log".
Invoked command in '/home/lsm/Project/ros2_study/5.custom/build/cpublisher' returned '1': CMAKE_PREFIX_PATH=${CMAKE_PREFIX_PATH}:/opt/ros/crystal /usr/bin/cmake /home/lsm/Project/ros2_study/5.custom/cpublisher -DCMAKE_INSTALL_PREFIX=/home/lsm/Project/ros2_study/5.custom/install/cpublisher
