[0.224s] DEBUG:colcon:Command line arguments: ['/usr/bin/colcon', 'build']
[0.224s] DEBUG:colcon:Parsed command line arguments: Namespace(ament_cmake_args=None, base_paths='.', build_base='build', catkin_cmake_args=None, catkin_skip_building_tests=False, cmake_args=None, cmake_clean_cache=False, cmake_clean_first=False, cmake_force_configure=False, cmake_target=None, cmake_target_skip_unavailable=False, continue_on_error=False, event_handlers=None, executor='parallel', ignore_user_meta=False, install_base='install', log_base='log', log_level=None, main=<bound method BuildVerb.main of <colcon_core.verb.build.BuildVerb object at 0x7f2c06c0b320>>, merge_install=False, metas='./colcon.meta', packages_above=None, packages_end=None, packages_ignore=None, packages_ignore_regex=None, packages_select=None, packages_select_build_failed=False, packages_select_by_dep=None, packages_select_regex=None, packages_select_test_failures=False, packages_skip=None, packages_skip_build_finished=False, packages_skip_by_dep=None, packages_skip_regex=None, packages_skip_test_passed=False, packages_skip_up_to=None, packages_start=None, packages_up_to=None, parallel_workers=4, paths=None, symlink_install=False, test_result_base=None, verb_extension=<colcon_core.verb.build.BuildVerb object at 0x7f2c06c0b320>, verb_name='build', verb_parser=<colcon_defaults.argument_parser.defaults.DefaultArgumentsDecorator object at 0x7f2c06c0b6d8>)
[0.287s] Level 1:colcon.colcon_core.package_discovery:discover_packages(colcon_meta) check parameters
[0.287s] Level 1:colcon.colcon_core.package_discovery:discover_packages(recursive) check parameters
[0.287s] Level 1:colcon.colcon_core.package_discovery:discover_packages(ignore) check parameters
[0.287s] Level 1:colcon.colcon_core.package_discovery:discover_packages(path) check parameters
[0.288s] Level 1:colcon.colcon_core.package_discovery:discover_packages(recursive) discover
[0.288s] INFO:colcon.colcon_core.package_discovery:Crawling recursively for packages in '/home/lsm/Project/ros2_study/5.custom'
[0.289s] Level 1:colcon.colcon_core.package_identification:_identify(/home/lsm/Project/ros2_study/5.custom) by extensions ['ignore', 'ignore_ament_install']
[0.289s] Level 1:colcon.colcon_core.package_identification:_identify(/home/lsm/Project/ros2_study/5.custom) by extension 'ignore'
[0.289s] Level 1:colcon.colcon_core.package_identification:_identify(/home/lsm/Project/ros2_study/5.custom) by extension 'ignore_ament_install'
[0.289s] Level 1:colcon.colcon_core.package_identification:_identify(/home/lsm/Project/ros2_study/5.custom) by extensions ['colcon_pkg']
[0.290s] Level 1:colcon.colcon_core.package_identification:_identify(/home/lsm/Project/ros2_study/5.custom) by extension 'colcon_pkg'
[0.290s] Level 1:colcon.colcon_core.package_identification:_identify(/home/lsm/Project/ros2_study/5.custom) by extensions ['colcon_meta']
[0.290s] Level 1:colcon.colcon_core.package_identification:_identify(/home/lsm/Project/ros2_study/5.custom) by extension 'colcon_meta'
[0.290s] Level 1:colcon.colcon_core.package_identification:_identify(/home/lsm/Project/ros2_study/5.custom) by extensions ['ros']
[0.290s] Level 1:colcon.colcon_core.package_identification:_identify(/home/lsm/Project/ros2_study/5.custom) by extension 'ros'
[0.307s] Level 1:colcon.colcon_core.package_identification:_identify(/home/lsm/Project/ros2_study/5.custom) by extensions ['cmake', 'python']
[0.307s] Level 1:colcon.colcon_core.package_identification:_identify(/home/lsm/Project/ros2_study/5.custom) by extension 'cmake'
[0.307s] Level 1:colcon.colcon_core.package_identification:_identify(/home/lsm/Project/ros2_study/5.custom) by extension 'python'
[0.307s] Level 1:colcon.colcon_core.package_identification:_identify(/home/lsm/Project/ros2_study/5.custom) by extensions ['python_setup_py']
[0.308s] Level 1:colcon.colcon_core.package_identification:_identify(/home/lsm/Project/ros2_study/5.custom) by extension 'python_setup_py'
[0.308s] Level 1:colcon.colcon_core.package_identification:_identify(/home/lsm/Project/ros2_study/5.custom/build) by extensions ['ignore', 'ignore_ament_install']
[0.308s] Level 1:colcon.colcon_core.package_identification:_identify(/home/lsm/Project/ros2_study/5.custom/build) by extension 'ignore'
[0.308s] Level 1:colcon.colcon_core.package_identification:_identify(/home/lsm/Project/ros2_study/5.custom/build) ignored
[0.309s] Level 1:colcon.colcon_core.package_identification:_identify(/home/lsm/Project/ros2_study/5.custom/contact) by extensions ['ignore', 'ignore_ament_install']
[0.310s] Level 1:colcon.colcon_core.package_identification:_identify(/home/lsm/Project/ros2_study/5.custom/contact) by extension 'ignore'
[0.310s] Level 1:colcon.colcon_core.package_identification:_identify(/home/lsm/Project/ros2_study/5.custom/contact) by extension 'ignore_ament_install'
[0.310s] Level 1:colcon.colcon_core.package_identification:_identify(/home/lsm/Project/ros2_study/5.custom/contact) by extensions ['colcon_pkg']
[0.310s] Level 1:colcon.colcon_core.package_identification:_identify(/home/lsm/Project/ros2_study/5.custom/contact) by extension 'colcon_pkg'
[0.311s] Level 1:colcon.colcon_core.package_identification:_identify(/home/lsm/Project/ros2_study/5.custom/contact) by extensions ['colcon_meta']
[0.311s] Level 1:colcon.colcon_core.package_identification:_identify(/home/lsm/Project/ros2_study/5.custom/contact) by extension 'colcon_meta'
[0.311s] Level 1:colcon.colcon_core.package_identification:_identify(/home/lsm/Project/ros2_study/5.custom/contact) by extensions ['ros']
[0.311s] Level 1:colcon.colcon_core.package_identification:_identify(/home/lsm/Project/ros2_study/5.custom/contact) by extension 'ros'
[0.316s] DEBUG:colcon.colcon_core.package_identification:Package '/home/lsm/Project/ros2_study/5.custom/contact' with type 'ros.ament_cmake' and name 'contact'
[0.316s] Level 1:colcon.colcon_core.package_identification:_identify(/home/lsm/Project/ros2_study/5.custom/install) by extensions ['ignore', 'ignore_ament_install']
[0.316s] Level 1:colcon.colcon_core.package_identification:_identify(/home/lsm/Project/ros2_study/5.custom/install) by extension 'ignore'
[0.316s] Level 1:colcon.colcon_core.package_identification:_identify(/home/lsm/Project/ros2_study/5.custom/install) ignored
[0.317s] Level 1:colcon.colcon_core.package_identification:_identify(/home/lsm/Project/ros2_study/5.custom/log) by extensions ['ignore', 'ignore_ament_install']
[0.317s] Level 1:colcon.colcon_core.package_identification:_identify(/home/lsm/Project/ros2_study/5.custom/log) by extension 'ignore'
[0.317s] Level 1:colcon.colcon_core.package_identification:_identify(/home/lsm/Project/ros2_study/5.custom/log) ignored
[0.317s] Level 1:colcon.colcon_core.package_discovery:discover_packages(recursive) using defaults
[0.326s] Level 5:colcon.colcon_core.verb:set package 'contact' build argument 'cmake_args' from command line to 'None'
[0.326s] Level 5:colcon.colcon_core.verb:set package 'contact' build argument 'cmake_target' from command line to 'None'
[0.326s] Level 5:colcon.colcon_core.verb:set package 'contact' build argument 'cmake_target_skip_unavailable' from command line to 'False'
[0.326s] Level 5:colcon.colcon_core.verb:set package 'contact' build argument 'cmake_clean_cache' from command line to 'False'
[0.326s] Level 5:colcon.colcon_core.verb:set package 'contact' build argument 'cmake_clean_first' from command line to 'False'
[0.326s] Level 5:colcon.colcon_core.verb:set package 'contact' build argument 'cmake_force_configure' from command line to 'False'
[0.326s] Level 5:colcon.colcon_core.verb:set package 'contact' build argument 'ament_cmake_args' from command line to 'None'
[0.326s] Level 5:colcon.colcon_core.verb:set package 'contact' build argument 'catkin_cmake_args' from command line to 'None'
[0.326s] Level 5:colcon.colcon_core.verb:set package 'contact' build argument 'catkin_skip_building_tests' from command line to 'False'
[0.326s] DEBUG:colcon.colcon_core.verb:Building package 'contact' with the following arguments: {'ament_cmake_args': None, 'build_base': '/home/lsm/Project/ros2_study/5.custom/build/contact', 'catkin_cmake_args': None, 'catkin_skip_building_tests': False, 'cmake_args': None, 'cmake_clean_cache': False, 'cmake_clean_first': False, 'cmake_force_configure': False, 'cmake_target': None, 'cmake_target_skip_unavailable': False, 'install_base': '/home/lsm/Project/ros2_study/5.custom/install/contact', 'merge_install': False, 'path': '/home/lsm/Project/ros2_study/5.custom/contact', 'symlink_install': False, 'test_result_base': None}
[0.331s] INFO:colcon.colcon_core.executor:Executing jobs using 'parallel' executor
[0.332s] DEBUG:colcon.colcon_parallel_executor.executor.parallel:run_until_complete
[0.332s] INFO:colcon.colcon_ros.task.ament_cmake.build:Building ROS package in '/home/lsm/Project/ros2_study/5.custom/contact' with build type 'ament_cmake'
[0.340s] INFO:colcon.colcon_core.plugin_system:Skipping extension 'colcon_core.shell.bat': Not used on non-Windows systems
[0.340s] INFO:colcon.colcon_cmake.task.cmake.build:Building CMake package in '/home/lsm/Project/ros2_study/5.custom/contact'
[0.341s] INFO:colcon.colcon_core.shell:Skip shell extension 'powershell' for command environment: Not usable outside of PowerShell
[0.341s] DEBUG:colcon.colcon_core.shell:Ignoring prefix path '/opt/ros/crystal'
[0.356s] DEBUG:colcon.colcon_core.event_handler.log_command:Invoking command in '/home/lsm/Project/ros2_study/5.custom/build/contact': CMAKE_PREFIX_PATH=/opt/ros/crystal /usr/bin/cmake /home/lsm/Project/ros2_study/5.custom/contact -DCMAKE_INSTALL_PREFIX=/home/lsm/Project/ros2_study/5.custom/install/contact
[2.320s] DEBUG:colcon.colcon_core.event_handler.log_command:Invoked command in '/home/lsm/Project/ros2_study/5.custom/build/contact' returned '1': CMAKE_PREFIX_PATH=/opt/ros/crystal /usr/bin/cmake /home/lsm/Project/ros2_study/5.custom/contact -DCMAKE_INSTALL_PREFIX=/home/lsm/Project/ros2_study/5.custom/install/contact
[2.329s] DEBUG:colcon.colcon_parallel_executor.executor.parallel:closing loop
[2.330s] DEBUG:colcon.colcon_parallel_executor.executor.parallel:loop closed
[2.330s] DEBUG:colcon.colcon_parallel_executor.executor.parallel:run_until_complete finished with '1'
[2.330s] DEBUG:colcon.colcon_core.event_reactor:joining thread
[2.340s] INFO:colcon.colcon_core.plugin_system:Skipping extension 'colcon_notification.desktop_notification.terminal_notifier': Not used on non-Darwin systems
[2.340s] INFO:colcon.colcon_core.plugin_system:Skipping extension 'colcon_notification.desktop_notification.win32': Not used on non-Windows systems
[2.340s] INFO:colcon.colcon_notification.desktop_notification:Sending desktop notification using 'notify2'
[2.344s] DEBUG:colcon.colcon_core.event_reactor:joined thread
[2.346s] INFO:colcon.colcon_core.shell:Creating prefix script '/home/lsm/Project/ros2_study/5.custom/install/local_setup.ps1'
[2.350s] INFO:colcon.colcon_core.shell:Creating prefix chain script '/home/lsm/Project/ros2_study/5.custom/install/setup.ps1'
[2.352s] INFO:colcon.colcon_core.shell:Creating prefix script '/home/lsm/Project/ros2_study/5.custom/install/local_setup.sh'
[2.355s] INFO:colcon.colcon_core.shell:Creating prefix chain script '/home/lsm/Project/ros2_study/5.custom/install/setup.sh'
[2.358s] INFO:colcon.colcon_core.shell:Creating prefix script '/home/lsm/Project/ros2_study/5.custom/install/local_setup.bash'
[2.361s] INFO:colcon.colcon_core.shell:Creating prefix chain script '/home/lsm/Project/ros2_study/5.custom/install/setup.bash'
[2.363s] INFO:colcon.colcon_core.shell:Creating prefix script '/home/lsm/Project/ros2_study/5.custom/install/local_setup.zsh'
[2.365s] INFO:colcon.colcon_core.shell:Creating prefix chain script '/home/lsm/Project/ros2_study/5.custom/install/setup.zsh'
