[  1%] Built target contact__cpp
[  6%] Built target contact__rosidl_generator_c
[ 13%] Built target contact__rosidl_typesupport_cpp
[ 20%] Built target contact__rosidl_typesupport_introspection_cpp
[ 27%] Built target contact__rosidl_typesupport_fastrtps_cpp
[ 34%] Built target contact__rosidl_typesupport_c
[ 41%] Built target contact__rosidl_typesupport_introspection_c
[ 48%] Built target contact__rosidl_typesupport_fastrtps_c
[ 79%] Built target contact__rosidl_typesupport_opensplice_cpp
[ 87%] Built target contact__rosidl_typesupport_opensplice_c
[ 87%] Built target contact
[ 88%] Built target contact__py
[ 93%] Built target contact__python
[ 95%] Built target contact__rosidl_typesupport_opensplice_c__pyext
[ 97%] Built target contact__rosidl_typesupport_c__pyext
[100%] Built target contact__rosidl_typesupport_fastrtps_c__pyext
[  1%] Built target contact__cpp
[  8%] Built target contact__rosidl_typesupport_introspection_cpp
[ 14%] Built target contact__rosidl_typesupport_fastrtps_cpp
[ 20%] Built target contact__rosidl_generator_c
[ 27%] Built target contact__rosidl_typesupport_fastrtps_c
[ 58%] Built target contact__rosidl_typesupport_opensplice_cpp
[ 66%] Built target contact__rosidl_typesupport_opensplice_c
[ 73%] Built target contact__rosidl_typesupport_cpp
[ 80%] Built target contact__rosidl_typesupport_c
[ 87%] Built target contact__rosidl_typesupport_introspection_c
[ 87%] Built target contact
[ 88%] Built target contact__py
[ 93%] Built target contact__python
[ 95%] Built target contact__rosidl_typesupport_opensplice_c__pyext
[ 97%] Built target contact__rosidl_typesupport_fastrtps_c__pyext
[100%] Built target contact__rosidl_typesupport_c__pyext
[36mInstall the project...[0m
-- Install configuration: ""
-- Up-to-date: /home/lsm/Project/ros2_study/5.custom/install/contact/share/ament_index/resource_index/rosidl_interfaces/contact
-- Up-to-date: /home/lsm/Project/ros2_study/5.custom/install/contact/include/contact/msg/contact.hpp
-- Up-to-date: /home/lsm/Project/ros2_study/5.custom/install/contact/include/contact/msg/contact__struct.hpp
-- Up-to-date: /home/lsm/Project/ros2_study/5.custom/install/contact/include/contact/msg/contact__traits.hpp
-- Up-to-date: /home/lsm/Project/ros2_study/5.custom/install/contact/include/contact/srv/add_two_floats.hpp
-- Up-to-date: /home/lsm/Project/ros2_study/5.custom/install/contact/include/contact/srv/add_two_floats__struct.hpp
-- Up-to-date: /home/lsm/Project/ros2_study/5.custom/install/contact/include/contact/srv/add_two_floats__traits.hpp
-- Up-to-date: /home/lsm/Project/ros2_study/5.custom/install/contact/include/contact/srv/add_two_floats__request.hpp
-- Up-to-date: /home/lsm/Project/ros2_study/5.custom/install/contact/include/contact/srv/add_two_floats__request__struct.hpp
-- Up-to-date: /home/lsm/Project/ros2_study/5.custom/install/contact/include/contact/srv/add_two_floats__request__traits.hpp
-- Up-to-date: /home/lsm/Project/ros2_study/5.custom/install/contact/include/contact/srv/add_two_floats__response.hpp
-- Up-to-date: /home/lsm/Project/ros2_study/5.custom/install/contact/include/contact/srv/add_two_floats__response__struct.hpp
-- Up-to-date: /home/lsm/Project/ros2_study/5.custom/install/contact/include/contact/srv/add_two_floats__response__traits.hpp
-- Up-to-date: /home/lsm/Project/ros2_study/5.custom/install/contact/include/contact/msg/contact.h
-- Up-to-date: /home/lsm/Project/ros2_study/5.custom/install/contact/include/contact/msg/contact__functions.h
-- Up-to-date: /home/lsm/Project/ros2_study/5.custom/install/contact/include/contact/msg/contact__struct.h
-- Up-to-date: /home/lsm/Project/ros2_study/5.custom/install/contact/include/contact/msg/contact__type_support.h
-- Up-to-date: /home/lsm/Project/ros2_study/5.custom/install/contact/include/contact/msg/rosidl_generator_c__visibility_control.h
-- Up-to-date: /home/lsm/Project/ros2_study/5.custom/install/contact/include/contact/srv/add_two_floats.h
-- Up-to-date: /home/lsm/Project/ros2_study/5.custom/install/contact/include/contact/srv/add_two_floats__request.h
-- Up-to-date: /home/lsm/Project/ros2_study/5.custom/install/contact/include/contact/srv/add_two_floats__request__functions.h
-- Up-to-date: /home/lsm/Project/ros2_study/5.custom/install/contact/include/contact/srv/add_two_floats__request__struct.h
-- Up-to-date: /home/lsm/Project/ros2_study/5.custom/install/contact/include/contact/srv/add_two_floats__request__type_support.h
-- Up-to-date: /home/lsm/Project/ros2_study/5.custom/install/contact/include/contact/srv/add_two_floats__response.h
-- Up-to-date: /home/lsm/Project/ros2_study/5.custom/install/contact/include/contact/srv/add_two_floats__response__functions.h
-- Up-to-date: /home/lsm/Project/ros2_study/5.custom/install/contact/include/contact/srv/add_two_floats__response__struct.h
-- Up-to-date: /home/lsm/Project/ros2_study/5.custom/install/contact/include/contact/srv/add_two_floats__response__type_support.h
-- Up-to-date: /home/lsm/Project/ros2_study/5.custom/install/contact/share/contact/environment/library_path.sh
-- Up-to-date: /home/lsm/Project/ros2_study/5.custom/install/contact/lib/libcontact__rosidl_generator_c.so
-- Up-to-date: /home/lsm/Project/ros2_study/5.custom/install/contact/lib/libcontact__rosidl_typesupport_c.so
-- Up-to-date: /home/lsm/Project/ros2_study/5.custom/install/contact/lib/libcontact__rosidl_typesupport_cpp.so
-- Up-to-date: /home/lsm/Project/ros2_study/5.custom/install/contact/include/contact/msg/contact__rosidl_typesupport_introspection_c.h
-- Up-to-date: /home/lsm/Project/ros2_study/5.custom/install/contact/include/contact/msg/rosidl_typesupport_introspection_c__visibility_control.h
-- Up-to-date: /home/lsm/Project/ros2_study/5.custom/install/contact/include/contact/srv/add_two_floats__rosidl_typesupport_introspection_c.h
-- Up-to-date: /home/lsm/Project/ros2_study/5.custom/install/contact/include/contact/srv/add_two_floats__request__rosidl_typesupport_introspection_c.h
-- Up-to-date: /home/lsm/Project/ros2_study/5.custom/install/contact/include/contact/srv/add_two_floats__response__rosidl_typesupport_introspection_c.h
-- Up-to-date: /home/lsm/Project/ros2_study/5.custom/install/contact/lib/libcontact__rosidl_typesupport_introspection_c.so
-- Up-to-date: /home/lsm/Project/ros2_study/5.custom/install/contact/include/contact/msg/contact__rosidl_typesupport_introspection_cpp.hpp
-- Up-to-date: /home/lsm/Project/ros2_study/5.custom/install/contact/include/contact/srv/add_two_floats__rosidl_typesupport_introspection_cpp.hpp
-- Up-to-date: /home/lsm/Project/ros2_study/5.custom/install/contact/include/contact/srv/add_two_floats__request__rosidl_typesupport_introspection_cpp.hpp
-- Up-to-date: /home/lsm/Project/ros2_study/5.custom/install/contact/include/contact/srv/add_two_floats__response__rosidl_typesupport_introspection_cpp.hpp
-- Up-to-date: /home/lsm/Project/ros2_study/5.custom/install/contact/lib/libcontact__rosidl_typesupport_introspection_cpp.so
-- Up-to-date: /home/lsm/Project/ros2_study/5.custom/install/contact/include/contact
-- Up-to-date: /home/lsm/Project/ros2_study/5.custom/install/contact/include/contact/msg
-- Up-to-date: /home/lsm/Project/ros2_study/5.custom/install/contact/include/contact/msg/rosidl_typesupport_fastrtps_c__visibility_control.h
-- Up-to-date: /home/lsm/Project/ros2_study/5.custom/install/contact/include/contact/msg/contact__rosidl_typesupport_fastrtps_c.h
-- Up-to-date: /home/lsm/Project/ros2_study/5.custom/install/contact/include/contact/msg/dds_fastrtps_c
-- Up-to-date: /home/lsm/Project/ros2_study/5.custom/install/contact/include/contact/srv
-- Up-to-date: /home/lsm/Project/ros2_study/5.custom/install/contact/include/contact/srv/add_two_floats__request__rosidl_typesupport_fastrtps_c.h
-- Up-to-date: /home/lsm/Project/ros2_study/5.custom/install/contact/include/contact/srv/add_two_floats__rosidl_typesupport_fastrtps_c.h
-- Up-to-date: /home/lsm/Project/ros2_study/5.custom/install/contact/include/contact/srv/add_two_floats__response__rosidl_typesupport_fastrtps_c.h
-- Up-to-date: /home/lsm/Project/ros2_study/5.custom/install/contact/include/contact/srv/dds_fastrtps_c
-- Up-to-date: /home/lsm/Project/ros2_study/5.custom/install/contact/lib/libcontact__rosidl_typesupport_fastrtps_c.so
-- Up-to-date: /home/lsm/Project/ros2_study/5.custom/install/contact/include/contact
-- Up-to-date: /home/lsm/Project/ros2_study/5.custom/install/contact/include/contact/msg
-- Up-to-date: /home/lsm/Project/ros2_study/5.custom/install/contact/include/contact/msg/dds_fastrtps
-- Up-to-date: /home/lsm/Project/ros2_study/5.custom/install/contact/include/contact/msg/contact__rosidl_typesupport_fastrtps_cpp.hpp
-- Up-to-date: /home/lsm/Project/ros2_study/5.custom/install/contact/include/contact/msg/rosidl_typesupport_fastrtps_cpp__visibility_control.h
-- Up-to-date: /home/lsm/Project/ros2_study/5.custom/install/contact/include/contact/srv
-- Up-to-date: /home/lsm/Project/ros2_study/5.custom/install/contact/include/contact/srv/dds_fastrtps
-- Up-to-date: /home/lsm/Project/ros2_study/5.custom/install/contact/include/contact/srv/add_two_floats__request__rosidl_typesupport_fastrtps_cpp.hpp
-- Up-to-date: /home/lsm/Project/ros2_study/5.custom/install/contact/include/contact/srv/add_two_floats__rosidl_typesupport_fastrtps_cpp.hpp
-- Up-to-date: /home/lsm/Project/ros2_study/5.custom/install/contact/include/contact/srv/add_two_floats__response__rosidl_typesupport_fastrtps_cpp.hpp
-- Up-to-date: /home/lsm/Project/ros2_study/5.custom/install/contact/lib/libcontact__rosidl_typesupport_fastrtps_cpp.so
-- Up-to-date: /home/lsm/Project/ros2_study/5.custom/install/contact/include/contact
-- Up-to-date: /home/lsm/Project/ros2_study/5.custom/install/contact/include/contact/msg
-- Up-to-date: /home/lsm/Project/ros2_study/5.custom/install/contact/include/contact/msg/contact__rosidl_typesupport_opensplice_c.h
-- Up-to-date: /home/lsm/Project/ros2_study/5.custom/install/contact/include/contact/msg/rosidl_typesupport_opensplice_c__visibility_control.h
-- Up-to-date: /home/lsm/Project/ros2_study/5.custom/install/contact/include/contact/msg/dds_opensplice_c
-- Up-to-date: /home/lsm/Project/ros2_study/5.custom/install/contact/include/contact/srv
-- Up-to-date: /home/lsm/Project/ros2_study/5.custom/install/contact/include/contact/srv/add_two_floats__response__rosidl_typesupport_opensplice_c.h
-- Up-to-date: /home/lsm/Project/ros2_study/5.custom/install/contact/include/contact/srv/add_two_floats__request__rosidl_typesupport_opensplice_c.h
-- Up-to-date: /home/lsm/Project/ros2_study/5.custom/install/contact/include/contact/srv/add_two_floats__rosidl_typesupport_opensplice_c.h
-- Up-to-date: /home/lsm/Project/ros2_study/5.custom/install/contact/include/contact/srv/dds_opensplice_c
-- Up-to-date: /home/lsm/Project/ros2_study/5.custom/install/contact/lib/libcontact__rosidl_typesupport_opensplice_c.so
-- Up-to-date: /home/lsm/Project/ros2_study/5.custom/install/contact/share/contact/msg/dds_opensplice/Contact_.idl
-- Up-to-date: /home/lsm/Project/ros2_study/5.custom/install/contact/share/contact/srv/dds_opensplice/Sample_AddTwoFloats_Request_.idl
-- Up-to-date: /home/lsm/Project/ros2_study/5.custom/install/contact/share/contact/srv/dds_opensplice/Sample_AddTwoFloats_Response_.idl
-- Up-to-date: /home/lsm/Project/ros2_study/5.custom/install/contact/share/contact/srv/dds_opensplice/AddTwoFloats_Request_.idl
-- Up-to-date: /home/lsm/Project/ros2_study/5.custom/install/contact/share/contact/srv/dds_opensplice/AddTwoFloats_Response_.idl
-- Up-to-date: /home/lsm/Project/ros2_study/5.custom/install/contact/include/contact
-- Up-to-date: /home/lsm/Project/ros2_study/5.custom/install/contact/include/contact/msg
-- Up-to-date: /home/lsm/Project/ros2_study/5.custom/install/contact/include/contact/msg/dds_opensplice
-- Up-to-date: /home/lsm/Project/ros2_study/5.custom/install/contact/include/contact/msg/dds_opensplice/Contact_SplDcps.h
-- Up-to-date: /home/lsm/Project/ros2_study/5.custom/install/contact/include/contact/msg/dds_opensplice/Contact_.h
-- Up-to-date: /home/lsm/Project/ros2_study/5.custom/install/contact/include/contact/msg/dds_opensplice/Contact_Dcps_impl.h
-- Up-to-date: /home/lsm/Project/ros2_study/5.custom/install/contact/include/contact/msg/dds_opensplice/Contact_Dcps.h
-- Up-to-date: /home/lsm/Project/ros2_study/5.custom/install/contact/include/contact/msg/dds_opensplice/ccpp_Contact_.h
-- Up-to-date: /home/lsm/Project/ros2_study/5.custom/install/contact/include/contact/msg/contact__rosidl_typesupport_opensplice_cpp.hpp
-- Up-to-date: /home/lsm/Project/ros2_study/5.custom/install/contact/include/contact/msg/rosidl_typesupport_opensplice_cpp__visibility_control.h
-- Up-to-date: /home/lsm/Project/ros2_study/5.custom/install/contact/include/contact/srv
-- Up-to-date: /home/lsm/Project/ros2_study/5.custom/install/contact/include/contact/srv/dds_opensplice
-- Up-to-date: /home/lsm/Project/ros2_study/5.custom/install/contact/include/contact/srv/dds_opensplice/Sample_AddTwoFloats_Response_.h
-- Up-to-date: /home/lsm/Project/ros2_study/5.custom/install/contact/include/contact/srv/dds_opensplice/Sample_AddTwoFloats_Request_.h
-- Up-to-date: /home/lsm/Project/ros2_study/5.custom/install/contact/include/contact/srv/dds_opensplice/AddTwoFloats_Request_SplDcps.h
-- Up-to-date: /home/lsm/Project/ros2_study/5.custom/install/contact/include/contact/srv/dds_opensplice/AddTwoFloats_Response_.h
-- Up-to-date: /home/lsm/Project/ros2_study/5.custom/install/contact/include/contact/srv/dds_opensplice/ccpp_Sample_AddTwoFloats_Request_.h
-- Up-to-date: /home/lsm/Project/ros2_study/5.custom/install/contact/include/contact/srv/dds_opensplice/AddTwoFloats_Response_Dcps.h
-- Up-to-date: /home/lsm/Project/ros2_study/5.custom/install/contact/include/contact/srv/dds_opensplice/ccpp_Sample_AddTwoFloats_Response_.h
-- Up-to-date: /home/lsm/Project/ros2_study/5.custom/install/contact/include/contact/srv/dds_opensplice/ccpp_AddTwoFloats_Request_.h
-- Up-to-date: /home/lsm/Project/ros2_study/5.custom/install/contact/include/contact/srv/dds_opensplice/AddTwoFloats_Request_.h
-- Up-to-date: /home/lsm/Project/ros2_study/5.custom/install/contact/include/contact/srv/dds_opensplice/Sample_AddTwoFloats_Response_Dcps.h
-- Up-to-date: /home/lsm/Project/ros2_study/5.custom/install/contact/include/contact/srv/dds_opensplice/ccpp_AddTwoFloats_Response_.h
-- Up-to-date: /home/lsm/Project/ros2_study/5.custom/install/contact/include/contact/srv/dds_opensplice/Sample_AddTwoFloats_Request_SplDcps.h
-- Up-to-date: /home/lsm/Project/ros2_study/5.custom/install/contact/include/contact/srv/dds_opensplice/AddTwoFloats_Request_Dcps_impl.h
-- Up-to-date: /home/lsm/Project/ros2_study/5.custom/install/contact/include/contact/srv/dds_opensplice/AddTwoFloats_Request_Dcps.h
-- Up-to-date: /home/lsm/Project/ros2_study/5.custom/install/contact/include/contact/srv/dds_opensplice/AddTwoFloats_Response_Dcps_impl.h
-- Up-to-date: /home/lsm/Project/ros2_study/5.custom/install/contact/include/contact/srv/dds_opensplice/Sample_AddTwoFloats_Request_Dcps_impl.h
-- Up-to-date: /home/lsm/Project/ros2_study/5.custom/install/contact/include/contact/srv/dds_opensplice/Sample_AddTwoFloats_Response_SplDcps.h
-- Up-to-date: /home/lsm/Project/ros2_study/5.custom/install/contact/include/contact/srv/dds_opensplice/Sample_AddTwoFloats_Request_Dcps.h
-- Up-to-date: /home/lsm/Project/ros2_study/5.custom/install/contact/include/contact/srv/dds_opensplice/Sample_AddTwoFloats_Response_Dcps_impl.h
-- Up-to-date: /home/lsm/Project/ros2_study/5.custom/install/contact/include/contact/srv/dds_opensplice/AddTwoFloats_Response_SplDcps.h
-- Up-to-date: /home/lsm/Project/ros2_study/5.custom/install/contact/include/contact/srv/add_two_floats__request__rosidl_typesupport_opensplice_cpp.hpp
-- Up-to-date: /home/lsm/Project/ros2_study/5.custom/install/contact/include/contact/srv/add_two_floats__rosidl_typesupport_opensplice_cpp.hpp
-- Up-to-date: /home/lsm/Project/ros2_study/5.custom/install/contact/include/contact/srv/add_two_floats__response__rosidl_typesupport_opensplice_cpp.hpp
-- Up-to-date: /home/lsm/Project/ros2_study/5.custom/install/contact/lib/libcontact__rosidl_typesupport_opensplice_cpp.so
-- Up-to-date: /home/lsm/Project/ros2_study/5.custom/install/contact/share/contact/environment/pythonpath.sh
-- Up-to-date: /home/lsm/Project/ros2_study/5.custom/install/contact/lib/python3.6/site-packages/contact/__init__.py
-- Installing: /home/lsm/Project/ros2_study/5.custom/install/contact/lib/python3.6/site-packages/contact/msg/__init__.py
-- Up-to-date: /home/lsm/Project/ros2_study/5.custom/install/contact/lib/python3.6/site-packages/contact/msg/_contact.py
-- Installing: /home/lsm/Project/ros2_study/5.custom/install/contact/lib/python3.6/site-packages/contact/msg/__init__.py
-- Up-to-date: /home/lsm/Project/ros2_study/5.custom/install/contact/lib/python3.6/site-packages/contact/srv/_add_two_floats.py
-- Up-to-date: /home/lsm/Project/ros2_study/5.custom/install/contact/lib/python3.6/site-packages/contact/srv/_add_two_floats__request.py
-- Up-to-date: /home/lsm/Project/ros2_study/5.custom/install/contact/lib/python3.6/site-packages/contact/srv/_add_two_floats__response.py
-- Up-to-date: /home/lsm/Project/ros2_study/5.custom/install/contact/lib/python3.6/site-packages/contact/srv/__init__.py
-- Up-to-date: /home/lsm/Project/ros2_study/5.custom/install/contact/lib/python3.6/site-packages/contact/contact_s__rosidl_typesupport_c.cpython-36m-x86_64-linux-gnu.so
-- Up-to-date: /home/lsm/Project/ros2_study/5.custom/install/contact/lib/python3.6/site-packages/contact/contact_s__rosidl_typesupport_fastrtps_c.cpython-36m-x86_64-linux-gnu.so
-- Up-to-date: /home/lsm/Project/ros2_study/5.custom/install/contact/lib/python3.6/site-packages/contact/contact_s__rosidl_typesupport_opensplice_c.cpython-36m-x86_64-linux-gnu.so
-- Up-to-date: /home/lsm/Project/ros2_study/5.custom/install/contact/lib/libcontact__python.so
-- Up-to-date: /home/lsm/Project/ros2_study/5.custom/install/contact/share/contact/msg/Contact.idl
-- Up-to-date: /home/lsm/Project/ros2_study/5.custom/install/contact/share/contact/srv/AddTwoFloats.idl
-- Up-to-date: /home/lsm/Project/ros2_study/5.custom/install/contact/share/contact/msg/Contact.msg
-- Up-to-date: /home/lsm/Project/ros2_study/5.custom/install/contact/share/contact/srv/AddTwoFloats.srv
-- Up-to-date: /home/lsm/Project/ros2_study/5.custom/install/contact/share/contact/srv/AddTwoFloats_Request.msg
-- Up-to-date: /home/lsm/Project/ros2_study/5.custom/install/contact/share/contact/srv/AddTwoFloats_Response.msg
-- Up-to-date: /home/lsm/Project/ros2_study/5.custom/install/contact/share/ament_index/resource_index/package_run_dependencies/contact
-- Up-to-date: /home/lsm/Project/ros2_study/5.custom/install/contact/share/ament_index/resource_index/parent_prefix_path/contact
-- Up-to-date: /home/lsm/Project/ros2_study/5.custom/install/contact/share/contact/environment/ament_prefix_path.sh
-- Up-to-date: /home/lsm/Project/ros2_study/5.custom/install/contact/share/contact/environment/path.sh
-- Up-to-date: /home/lsm/Project/ros2_study/5.custom/install/contact/share/contact/local_setup.bash
-- Up-to-date: /home/lsm/Project/ros2_study/5.custom/install/contact/share/contact/local_setup.sh
-- Up-to-date: /home/lsm/Project/ros2_study/5.custom/install/contact/share/contact/local_setup.zsh
-- Up-to-date: /home/lsm/Project/ros2_study/5.custom/install/contact/share/ament_index/resource_index/packages/contact
-- Up-to-date: /home/lsm/Project/ros2_study/5.custom/install/contact/share/contact/cmake/rosidl_cmake-extras.cmake
-- Up-to-date: /home/lsm/Project/ros2_study/5.custom/install/contact/share/contact/cmake/ament_cmake_export_include_directories-extras.cmake
-- Up-to-date: /home/lsm/Project/ros2_study/5.custom/install/contact/share/contact/cmake/ament_cmake_export_libraries-extras.cmake
-- Up-to-date: /home/lsm/Project/ros2_study/5.custom/install/contact/share/contact/cmake/rosidl_cmake_export_typesupport_libraries-extras.cmake
-- Up-to-date: /home/lsm/Project/ros2_study/5.custom/install/contact/share/contact/cmake/contactConfig.cmake
-- Up-to-date: /home/lsm/Project/ros2_study/5.custom/install/contact/share/contact/cmake/contactConfig-version.cmake
-- Up-to-date: /home/lsm/Project/ros2_study/5.custom/install/contact/share/contact/package.xml
