[0.186s] DEBUG:colcon:Command line arguments: ['/usr/bin/colcon', 'build']
[0.186s] DEBUG:colcon:Parsed command line arguments: Namespace(ament_cmake_args=None, base_paths='.', build_base='build', catkin_cmake_args=None, catkin_skip_building_tests=False, cmake_args=None, cmake_clean_cache=False, cmake_clean_first=False, cmake_force_configure=False, cmake_target=None, cmake_target_skip_unavailable=False, continue_on_error=False, event_handlers=None, executor='parallel', ignore_user_meta=False, install_base='install', log_base='log', log_level=None, main=<bound method BuildVerb.main of <colcon_core.verb.build.BuildVerb object at 0x7fbd0ac089b0>>, merge_install=False, metas='./colcon.meta', packages_above=None, packages_end=None, packages_ignore=None, packages_ignore_regex=None, packages_select=None, packages_select_build_failed=False, packages_select_by_dep=None, packages_select_regex=None, packages_select_test_failures=False, packages_skip=None, packages_skip_build_finished=False, packages_skip_by_dep=None, packages_skip_regex=None, packages_skip_test_passed=False, packages_skip_up_to=None, packages_start=None, packages_up_to=None, parallel_workers=4, paths=None, symlink_install=False, test_result_base=None, verb_extension=<colcon_core.verb.build.BuildVerb object at 0x7fbd0ac089b0>, verb_name='build', verb_parser=<colcon_defaults.argument_parser.defaults.DefaultArgumentsDecorator object at 0x7fbd0ac08d30>)
[0.237s] Level 1:colcon.colcon_core.package_discovery:discover_packages(colcon_meta) check parameters
[0.238s] Level 1:colcon.colcon_core.package_discovery:discover_packages(recursive) check parameters
[0.238s] Level 1:colcon.colcon_core.package_discovery:discover_packages(ignore) check parameters
[0.238s] Level 1:colcon.colcon_core.package_discovery:discover_packages(path) check parameters
[0.238s] Level 1:colcon.colcon_core.package_discovery:discover_packages(recursive) discover
[0.239s] INFO:colcon.colcon_core.package_discovery:Crawling recursively for packages in '/home/lsm/Project/ros2_study/3.services/client'
[0.239s] Level 1:colcon.colcon_core.package_identification:_identify(/home/lsm/Project/ros2_study/3.services/client) by extensions ['ignore', 'ignore_ament_install']
[0.239s] Level 1:colcon.colcon_core.package_identification:_identify(/home/lsm/Project/ros2_study/3.services/client) by extension 'ignore'
[0.240s] Level 1:colcon.colcon_core.package_identification:_identify(/home/lsm/Project/ros2_study/3.services/client) by extension 'ignore_ament_install'
[0.240s] Level 1:colcon.colcon_core.package_identification:_identify(/home/lsm/Project/ros2_study/3.services/client) by extensions ['colcon_pkg']
[0.240s] Level 1:colcon.colcon_core.package_identification:_identify(/home/lsm/Project/ros2_study/3.services/client) by extension 'colcon_pkg'
[0.240s] Level 1:colcon.colcon_core.package_identification:_identify(/home/lsm/Project/ros2_study/3.services/client) by extensions ['colcon_meta']
[0.241s] Level 1:colcon.colcon_core.package_identification:_identify(/home/lsm/Project/ros2_study/3.services/client) by extension 'colcon_meta'
[0.241s] Level 1:colcon.colcon_core.package_identification:_identify(/home/lsm/Project/ros2_study/3.services/client) by extensions ['ros']
[0.241s] Level 1:colcon.colcon_core.package_identification:_identify(/home/lsm/Project/ros2_study/3.services/client) by extension 'ros'
[0.264s] DEBUG:colcon.colcon_core.package_identification:Package '/home/lsm/Project/ros2_study/3.services/client' with type 'ros.ament_python' and name 'client'
[0.264s] Level 1:colcon.colcon_core.package_discovery:discover_packages(recursive) using defaults
[0.271s] Level 5:colcon.colcon_core.verb:set package 'client' build argument 'cmake_args' from command line to 'None'
[0.271s] Level 5:colcon.colcon_core.verb:set package 'client' build argument 'cmake_target' from command line to 'None'
[0.271s] Level 5:colcon.colcon_core.verb:set package 'client' build argument 'cmake_target_skip_unavailable' from command line to 'False'
[0.271s] Level 5:colcon.colcon_core.verb:set package 'client' build argument 'cmake_clean_cache' from command line to 'False'
[0.272s] Level 5:colcon.colcon_core.verb:set package 'client' build argument 'cmake_clean_first' from command line to 'False'
[0.272s] Level 5:colcon.colcon_core.verb:set package 'client' build argument 'cmake_force_configure' from command line to 'False'
[0.272s] Level 5:colcon.colcon_core.verb:set package 'client' build argument 'ament_cmake_args' from command line to 'None'
[0.272s] Level 5:colcon.colcon_core.verb:set package 'client' build argument 'catkin_cmake_args' from command line to 'None'
[0.272s] Level 5:colcon.colcon_core.verb:set package 'client' build argument 'catkin_skip_building_tests' from command line to 'False'
[0.272s] DEBUG:colcon.colcon_core.verb:Building package 'client' with the following arguments: {'ament_cmake_args': None, 'build_base': '/home/lsm/Project/ros2_study/3.services/client/build/client', 'catkin_cmake_args': None, 'catkin_skip_building_tests': False, 'cmake_args': None, 'cmake_clean_cache': False, 'cmake_clean_first': False, 'cmake_force_configure': False, 'cmake_target': None, 'cmake_target_skip_unavailable': False, 'install_base': '/home/lsm/Project/ros2_study/3.services/client/install/client', 'merge_install': False, 'path': '/home/lsm/Project/ros2_study/3.services/client', 'symlink_install': False, 'test_result_base': None}
[0.275s] INFO:colcon.colcon_core.executor:Executing jobs using 'parallel' executor
[0.275s] DEBUG:colcon.colcon_parallel_executor.executor.parallel:run_until_complete
[0.276s] INFO:colcon.colcon_ros.task.ament_python.build:Building ROS package in '/home/lsm/Project/ros2_study/3.services/client' with build type 'ament_python'
[0.276s] Level 1:colcon.colcon_core.shell:create_environment_hook('client', 'ament_prefix_path')
[0.282s] INFO:colcon.colcon_core.plugin_system:Skipping extension 'colcon_core.shell.bat': Not used on non-Windows systems
[0.282s] INFO:colcon.colcon_core.shell:Creating environment hook '/home/lsm/Project/ros2_study/3.services/client/install/client/share/client/hook/ament_prefix_path.ps1'
[0.283s] INFO:colcon.colcon_core.shell:Creating environment hook '/home/lsm/Project/ros2_study/3.services/client/install/client/share/client/hook/ament_prefix_path.sh'
[0.285s] INFO:colcon.colcon_core.task.python.build:Building Python package in '/home/lsm/Project/ros2_study/3.services/client'
[0.286s] INFO:colcon.colcon_core.shell:Skip shell extension 'powershell' for command environment: Not usable outside of PowerShell
[0.287s] DEBUG:colcon.colcon_core.shell:Ignoring prefix path '/opt/ros/crystal'
[0.648s] DEBUG:colcon.colcon_core.event_handler.log_command:Invoking command in '/home/lsm/Project/ros2_study/3.services/client': PYTHONPATH=/home/lsm/Project/ros2_study/3.services/client/install/client/lib/python3.6/site-packages:${PYTHONPATH} /usr/bin/python3 setup.py egg_info --egg-base /home/lsm/Project/ros2_study/3.services/client/build/client build --build-base /home/lsm/Project/ros2_study/3.services/client/build/client/build install --prefix /home/lsm/Project/ros2_study/3.services/client/install/client --record /home/lsm/Project/ros2_study/3.services/client/build/client/install.log --single-version-externally-managed bdist_egg --dist-dir /home/lsm/Project/ros2_study/3.services/client/build/client/dist
[1.054s] DEBUG:colcon.colcon_core.event_handler.log_command:Invoked command in '/home/lsm/Project/ros2_study/3.services/client' returned '0': PYTHONPATH=/home/lsm/Project/ros2_study/3.services/client/install/client/lib/python3.6/site-packages:${PYTHONPATH} /usr/bin/python3 setup.py egg_info --egg-base /home/lsm/Project/ros2_study/3.services/client/build/client build --build-base /home/lsm/Project/ros2_study/3.services/client/build/client/build install --prefix /home/lsm/Project/ros2_study/3.services/client/install/client --record /home/lsm/Project/ros2_study/3.services/client/build/client/install.log --single-version-externally-managed bdist_egg --dist-dir /home/lsm/Project/ros2_study/3.services/client/build/client/dist
[1.058s] Level 1:colcon.colcon_core.environment:checking '/home/lsm/Project/ros2_study/3.services/client/install/client' for CMake module files
[1.059s] Level 1:colcon.colcon_core.environment:checking '/home/lsm/Project/ros2_study/3.services/client/install/client' for CMake config files
[1.059s] Level 1:colcon.colcon_core.shell:create_environment_hook('client', 'cmake_prefix_path')
[1.060s] INFO:colcon.colcon_core.shell:Creating environment hook '/home/lsm/Project/ros2_study/3.services/client/install/client/share/client/hook/cmake_prefix_path.ps1'
[1.061s] INFO:colcon.colcon_core.shell:Creating environment hook '/home/lsm/Project/ros2_study/3.services/client/install/client/share/client/hook/cmake_prefix_path.sh'
[1.062s] Level 1:colcon.colcon_core.environment:checking '/home/lsm/Project/ros2_study/3.services/client/install/client/lib'
[1.062s] Level 1:colcon.colcon_core.environment:checking '/home/lsm/Project/ros2_study/3.services/client/install/client/bin'
[1.063s] Level 1:colcon.colcon_core.environment:checking '/home/lsm/Project/ros2_study/3.services/client/install/client/lib/pkgconfig/client.pc'
[1.063s] Level 1:colcon.colcon_core.environment:checking '/home/lsm/Project/ros2_study/3.services/client/install/client/lib/python3.6/site-packages'
[1.063s] Level 1:colcon.colcon_core.shell:create_environment_hook('client', 'pythonpath')
[1.064s] INFO:colcon.colcon_core.shell:Creating environment hook '/home/lsm/Project/ros2_study/3.services/client/install/client/share/client/hook/pythonpath.ps1'
[1.064s] INFO:colcon.colcon_core.shell:Creating environment hook '/home/lsm/Project/ros2_study/3.services/client/install/client/share/client/hook/pythonpath.sh'
[1.065s] Level 1:colcon.colcon_core.environment:create_environment_scripts_only(client)
[1.066s] INFO:colcon.colcon_core.shell:Creating package script '/home/lsm/Project/ros2_study/3.services/client/install/client/share/client/package.ps1'
[1.068s] INFO:colcon.colcon_core.shell:Creating package script '/home/lsm/Project/ros2_study/3.services/client/install/client/share/client/package.sh'
[1.069s] INFO:colcon.colcon_core.shell:Creating package script '/home/lsm/Project/ros2_study/3.services/client/install/client/share/client/package.bash'
[1.071s] INFO:colcon.colcon_core.shell:Creating package script '/home/lsm/Project/ros2_study/3.services/client/install/client/share/client/package.zsh'
[1.072s] Level 1:colcon.colcon_core.environment:create_file_with_runtime_dependencies(/home/lsm/Project/ros2_study/3.services/client/install/client/share/colcon-core/packages/client)
[1.073s] DEBUG:colcon.colcon_parallel_executor.executor.parallel:closing loop
[1.074s] DEBUG:colcon.colcon_parallel_executor.executor.parallel:loop closed
[1.074s] DEBUG:colcon.colcon_parallel_executor.executor.parallel:run_until_complete finished with '0'
[1.075s] DEBUG:colcon.colcon_core.event_reactor:joining thread
[1.083s] INFO:colcon.colcon_core.plugin_system:Skipping extension 'colcon_notification.desktop_notification.terminal_notifier': Not used on non-Darwin systems
[1.083s] INFO:colcon.colcon_core.plugin_system:Skipping extension 'colcon_notification.desktop_notification.win32': Not used on non-Windows systems
[1.083s] INFO:colcon.colcon_notification.desktop_notification:Sending desktop notification using 'notify2'
[1.087s] DEBUG:colcon.colcon_core.event_reactor:joined thread
[1.088s] INFO:colcon.colcon_core.shell:Creating prefix script '/home/lsm/Project/ros2_study/3.services/client/install/local_setup.ps1'
[1.091s] INFO:colcon.colcon_core.shell:Creating prefix chain script '/home/lsm/Project/ros2_study/3.services/client/install/setup.ps1'
[1.092s] INFO:colcon.colcon_core.shell:Creating prefix script '/home/lsm/Project/ros2_study/3.services/client/install/local_setup.sh'
[1.094s] INFO:colcon.colcon_core.shell:Creating prefix chain script '/home/lsm/Project/ros2_study/3.services/client/install/setup.sh'
[1.096s] INFO:colcon.colcon_core.shell:Creating prefix script '/home/lsm/Project/ros2_study/3.services/client/install/local_setup.bash'
[1.098s] INFO:colcon.colcon_core.shell:Creating prefix chain script '/home/lsm/Project/ros2_study/3.services/client/install/setup.bash'
[1.100s] INFO:colcon.colcon_core.shell:Creating prefix script '/home/lsm/Project/ros2_study/3.services/client/install/local_setup.zsh'
[1.101s] INFO:colcon.colcon_core.shell:Creating prefix chain script '/home/lsm/Project/ros2_study/3.services/client/install/setup.zsh'
