Invoking command in '/home/lsm/Project/ros2_study/5.custom/build/contact': CMAKE_PREFIX_PATH=/opt/ros/crystal /usr/bin/cmake /home/lsm/Project/ros2_study/5.custom/contact -DCMAKE_INSTALL_PREFIX=/home/lsm/Project/ros2_study/5.custom/install/contact
-- The C compiler identification is GNU 7.3.0
-- The CXX compiler identification is GNU 7.3.0
-- Check for working C compiler: /usr/bin/cc
-- Check for working C compiler: /usr/bin/cc -- works
-- Detecting C compiler ABI info
-- Detecting C compiler ABI info - done
-- Detecting C compile features
-- Detecting C compile features - done
-- Check for working CXX compiler: /usr/bin/c++
-- Check for working CXX compiler: /usr/bin/c++ -- works
-- Detecting CXX compiler ABI info
-- Detecting CXX compiler ABI info - done
-- Detecting CXX compile features
-- Detecting CXX compile features - done
-- Found ament_cmake: 0.6.0 (/opt/ros/crystal/share/ament_cmake/cmake)
-- Found PythonInterp: /usr/bin/python3 (found suitable version "3.6.7", minimum required is "3") 
-- Using PYTHON_EXECUTABLE: /usr/bin/python3
-- Found builtin_interfaces: 0.6.2 (/opt/ros/crystal/share/builtin_interfaces/cmake)
-- Found rosidl_adapter: 0.6.3 (/opt/ros/crystal/share/rosidl_adapter/cmake)
-- Found rosidl_default_generators: 0.6.0 (/opt/ros/crystal/share/rosidl_default_generators/cmake)
-- Found OpenSSL: /usr/lib/x86_64-linux-gnu/libcrypto.so (found version "1.1.0g") 
-- Found FastRTPS: /opt/ros/crystal/include  
-- Found PrismTech OpenSplice: /usr/share/opensplice/cmake
CMake Error at /opt/ros/crystal/share/rosidl_cmake/cmake/rosidl_generate_interfaces.cmake:89 (message):
  rosidl_generate_interfaces() the passed file 'srv/addTwoFloats.srv' doesn't
  exist relative to the CMAKE_CURRENT_SOURCE_DIR
  '/home/lsm/Project/ros2_study/5.custom/contact'
Call Stack (most recent call first):
  CMakeLists.txt:32 (rosidl_generate_interfaces)


-- Configuring incomplete, errors occurred!
See also "/home/lsm/Project/ros2_study/5.custom/build/contact/CMakeFiles/CMakeOutput.log".
Invoked command in '/home/lsm/Project/ros2_study/5.custom/build/contact' returned '1': CMAKE_PREFIX_PATH=/opt/ros/crystal /usr/bin/cmake /home/lsm/Project/ros2_study/5.custom/contact -DCMAKE_INSTALL_PREFIX=/home/lsm/Project/ros2_study/5.custom/install/contact
