[0.189s] DEBUG:colcon:Command line arguments: ['/usr/bin/colcon', 'build']
[0.190s] DEBUG:colcon:Parsed command line arguments: Namespace(ament_cmake_args=None, base_paths='.', build_base='build', catkin_cmake_args=None, catkin_skip_building_tests=False, cmake_args=None, cmake_clean_cache=False, cmake_clean_first=False, cmake_force_configure=False, cmake_target=None, cmake_target_skip_unavailable=False, continue_on_error=False, event_handlers=None, executor='parallel', ignore_user_meta=False, install_base='install', log_base='log', log_level=None, main=<bound method BuildVerb.main of <colcon_core.verb.build.BuildVerb object at 0x7f4301385358>>, merge_install=False, metas='./colcon.meta', packages_above=None, packages_end=None, packages_ignore=None, packages_ignore_regex=None, packages_select=None, packages_select_build_failed=False, packages_select_by_dep=None, packages_select_regex=None, packages_select_test_failures=False, packages_skip=None, packages_skip_build_finished=False, packages_skip_by_dep=None, packages_skip_regex=None, packages_skip_test_passed=False, packages_skip_up_to=None, packages_start=None, packages_up_to=None, parallel_workers=4, paths=None, symlink_install=False, test_result_base=None, verb_extension=<colcon_core.verb.build.BuildVerb object at 0x7f4301385358>, verb_name='build', verb_parser=<colcon_defaults.argument_parser.defaults.DefaultArgumentsDecorator object at 0x7f4301385710>)
[0.240s] Level 1:colcon.colcon_core.package_discovery:discover_packages(colcon_meta) check parameters
[0.241s] Level 1:colcon.colcon_core.package_discovery:discover_packages(recursive) check parameters
[0.241s] Level 1:colcon.colcon_core.package_discovery:discover_packages(ignore) check parameters
[0.241s] Level 1:colcon.colcon_core.package_discovery:discover_packages(path) check parameters
[0.241s] Level 1:colcon.colcon_core.package_discovery:discover_packages(recursive) discover
[0.242s] INFO:colcon.colcon_core.package_discovery:Crawling recursively for packages in '/home/lsm/Project/ros2_study/5.custom'
[0.242s] Level 1:colcon.colcon_core.package_identification:_identify(/home/lsm/Project/ros2_study/5.custom) by extensions ['ignore', 'ignore_ament_install']
[0.242s] Level 1:colcon.colcon_core.package_identification:_identify(/home/lsm/Project/ros2_study/5.custom) by extension 'ignore'
[0.243s] Level 1:colcon.colcon_core.package_identification:_identify(/home/lsm/Project/ros2_study/5.custom) by extension 'ignore_ament_install'
[0.243s] Level 1:colcon.colcon_core.package_identification:_identify(/home/lsm/Project/ros2_study/5.custom) by extensions ['colcon_pkg']
[0.243s] Level 1:colcon.colcon_core.package_identification:_identify(/home/lsm/Project/ros2_study/5.custom) by extension 'colcon_pkg'
[0.243s] Level 1:colcon.colcon_core.package_identification:_identify(/home/lsm/Project/ros2_study/5.custom) by extensions ['colcon_meta']
[0.244s] Level 1:colcon.colcon_core.package_identification:_identify(/home/lsm/Project/ros2_study/5.custom) by extension 'colcon_meta'
[0.244s] Level 1:colcon.colcon_core.package_identification:_identify(/home/lsm/Project/ros2_study/5.custom) by extensions ['ros']
[0.244s] Level 1:colcon.colcon_core.package_identification:_identify(/home/lsm/Project/ros2_study/5.custom) by extension 'ros'
[0.259s] Level 1:colcon.colcon_core.package_identification:_identify(/home/lsm/Project/ros2_study/5.custom) by extensions ['cmake', 'python']
[0.260s] Level 1:colcon.colcon_core.package_identification:_identify(/home/lsm/Project/ros2_study/5.custom) by extension 'cmake'
[0.260s] Level 1:colcon.colcon_core.package_identification:_identify(/home/lsm/Project/ros2_study/5.custom) by extension 'python'
[0.260s] Level 1:colcon.colcon_core.package_identification:_identify(/home/lsm/Project/ros2_study/5.custom) by extensions ['python_setup_py']
[0.260s] Level 1:colcon.colcon_core.package_identification:_identify(/home/lsm/Project/ros2_study/5.custom) by extension 'python_setup_py'
[0.260s] Level 1:colcon.colcon_core.package_identification:_identify(/home/lsm/Project/ros2_study/5.custom/build) by extensions ['ignore', 'ignore_ament_install']
[0.261s] Level 1:colcon.colcon_core.package_identification:_identify(/home/lsm/Project/ros2_study/5.custom/build) by extension 'ignore'
[0.261s] Level 1:colcon.colcon_core.package_identification:_identify(/home/lsm/Project/ros2_study/5.custom/build) ignored
[0.261s] Level 1:colcon.colcon_core.package_identification:_identify(/home/lsm/Project/ros2_study/5.custom/contact) by extensions ['ignore', 'ignore_ament_install']
[0.261s] Level 1:colcon.colcon_core.package_identification:_identify(/home/lsm/Project/ros2_study/5.custom/contact) by extension 'ignore'
[0.262s] Level 1:colcon.colcon_core.package_identification:_identify(/home/lsm/Project/ros2_study/5.custom/contact) by extension 'ignore_ament_install'
[0.262s] Level 1:colcon.colcon_core.package_identification:_identify(/home/lsm/Project/ros2_study/5.custom/contact) by extensions ['colcon_pkg']
[0.262s] Level 1:colcon.colcon_core.package_identification:_identify(/home/lsm/Project/ros2_study/5.custom/contact) by extension 'colcon_pkg'
[0.262s] Level 1:colcon.colcon_core.package_identification:_identify(/home/lsm/Project/ros2_study/5.custom/contact) by extensions ['colcon_meta']
[0.262s] Level 1:colcon.colcon_core.package_identification:_identify(/home/lsm/Project/ros2_study/5.custom/contact) by extension 'colcon_meta'
[0.262s] Level 1:colcon.colcon_core.package_identification:_identify(/home/lsm/Project/ros2_study/5.custom/contact) by extensions ['ros']
[0.262s] Level 1:colcon.colcon_core.package_identification:_identify(/home/lsm/Project/ros2_study/5.custom/contact) by extension 'ros'
[0.266s] DEBUG:colcon.colcon_core.package_identification:Package '/home/lsm/Project/ros2_study/5.custom/contact' with type 'ros.ament_cmake' and name 'contact'
[0.266s] Level 1:colcon.colcon_core.package_identification:_identify(/home/lsm/Project/ros2_study/5.custom/cpublisher) by extensions ['ignore', 'ignore_ament_install']
[0.266s] Level 1:colcon.colcon_core.package_identification:_identify(/home/lsm/Project/ros2_study/5.custom/cpublisher) by extension 'ignore'
[0.266s] Level 1:colcon.colcon_core.package_identification:_identify(/home/lsm/Project/ros2_study/5.custom/cpublisher) by extension 'ignore_ament_install'
[0.266s] Level 1:colcon.colcon_core.package_identification:_identify(/home/lsm/Project/ros2_study/5.custom/cpublisher) by extensions ['colcon_pkg']
[0.266s] Level 1:colcon.colcon_core.package_identification:_identify(/home/lsm/Project/ros2_study/5.custom/cpublisher) by extension 'colcon_pkg'
[0.267s] Level 1:colcon.colcon_core.package_identification:_identify(/home/lsm/Project/ros2_study/5.custom/cpublisher) by extensions ['colcon_meta']
[0.267s] Level 1:colcon.colcon_core.package_identification:_identify(/home/lsm/Project/ros2_study/5.custom/cpublisher) by extension 'colcon_meta'
[0.267s] Level 1:colcon.colcon_core.package_identification:_identify(/home/lsm/Project/ros2_study/5.custom/cpublisher) by extensions ['ros']
[0.267s] Level 1:colcon.colcon_core.package_identification:_identify(/home/lsm/Project/ros2_study/5.custom/cpublisher) by extension 'ros'
[0.268s] DEBUG:colcon.colcon_core.package_identification:Package '/home/lsm/Project/ros2_study/5.custom/cpublisher' with type 'ros.ament_cmake' and name 'cpublisher'
[0.268s] Level 1:colcon.colcon_core.package_identification:_identify(/home/lsm/Project/ros2_study/5.custom/install) by extensions ['ignore', 'ignore_ament_install']
[0.268s] Level 1:colcon.colcon_core.package_identification:_identify(/home/lsm/Project/ros2_study/5.custom/install) by extension 'ignore'
[0.268s] Level 1:colcon.colcon_core.package_identification:_identify(/home/lsm/Project/ros2_study/5.custom/install) ignored
[0.268s] Level 1:colcon.colcon_core.package_identification:_identify(/home/lsm/Project/ros2_study/5.custom/log) by extensions ['ignore', 'ignore_ament_install']
[0.268s] Level 1:colcon.colcon_core.package_identification:_identify(/home/lsm/Project/ros2_study/5.custom/log) by extension 'ignore'
[0.269s] Level 1:colcon.colcon_core.package_identification:_identify(/home/lsm/Project/ros2_study/5.custom/log) ignored
[0.269s] Level 1:colcon.colcon_core.package_discovery:discover_packages(recursive) using defaults
[0.275s] Level 5:colcon.colcon_core.verb:set package 'contact' build argument 'cmake_args' from command line to 'None'
[0.275s] Level 5:colcon.colcon_core.verb:set package 'contact' build argument 'cmake_target' from command line to 'None'
[0.275s] Level 5:colcon.colcon_core.verb:set package 'contact' build argument 'cmake_target_skip_unavailable' from command line to 'False'
[0.275s] Level 5:colcon.colcon_core.verb:set package 'contact' build argument 'cmake_clean_cache' from command line to 'False'
[0.275s] Level 5:colcon.colcon_core.verb:set package 'contact' build argument 'cmake_clean_first' from command line to 'False'
[0.275s] Level 5:colcon.colcon_core.verb:set package 'contact' build argument 'cmake_force_configure' from command line to 'False'
[0.275s] Level 5:colcon.colcon_core.verb:set package 'contact' build argument 'ament_cmake_args' from command line to 'None'
[0.275s] Level 5:colcon.colcon_core.verb:set package 'contact' build argument 'catkin_cmake_args' from command line to 'None'
[0.275s] Level 5:colcon.colcon_core.verb:set package 'contact' build argument 'catkin_skip_building_tests' from command line to 'False'
[0.275s] DEBUG:colcon.colcon_core.verb:Building package 'contact' with the following arguments: {'ament_cmake_args': None, 'build_base': '/home/lsm/Project/ros2_study/5.custom/build/contact', 'catkin_cmake_args': None, 'catkin_skip_building_tests': False, 'cmake_args': None, 'cmake_clean_cache': False, 'cmake_clean_first': False, 'cmake_force_configure': False, 'cmake_target': None, 'cmake_target_skip_unavailable': False, 'install_base': '/home/lsm/Project/ros2_study/5.custom/install/contact', 'merge_install': False, 'path': '/home/lsm/Project/ros2_study/5.custom/contact', 'symlink_install': False, 'test_result_base': None}
[0.279s] Level 5:colcon.colcon_core.verb:set package 'cpublisher' build argument 'cmake_args' from command line to 'None'
[0.279s] Level 5:colcon.colcon_core.verb:set package 'cpublisher' build argument 'cmake_target' from command line to 'None'
[0.279s] Level 5:colcon.colcon_core.verb:set package 'cpublisher' build argument 'cmake_target_skip_unavailable' from command line to 'False'
[0.279s] Level 5:colcon.colcon_core.verb:set package 'cpublisher' build argument 'cmake_clean_cache' from command line to 'False'
[0.279s] Level 5:colcon.colcon_core.verb:set package 'cpublisher' build argument 'cmake_clean_first' from command line to 'False'
[0.279s] Level 5:colcon.colcon_core.verb:set package 'cpublisher' build argument 'cmake_force_configure' from command line to 'False'
[0.279s] Level 5:colcon.colcon_core.verb:set package 'cpublisher' build argument 'ament_cmake_args' from command line to 'None'
[0.279s] Level 5:colcon.colcon_core.verb:set package 'cpublisher' build argument 'catkin_cmake_args' from command line to 'None'
[0.279s] Level 5:colcon.colcon_core.verb:set package 'cpublisher' build argument 'catkin_skip_building_tests' from command line to 'False'
[0.279s] DEBUG:colcon.colcon_core.verb:Building package 'cpublisher' with the following arguments: {'ament_cmake_args': None, 'build_base': '/home/lsm/Project/ros2_study/5.custom/build/cpublisher', 'catkin_cmake_args': None, 'catkin_skip_building_tests': False, 'cmake_args': None, 'cmake_clean_cache': False, 'cmake_clean_first': False, 'cmake_force_configure': False, 'cmake_target': None, 'cmake_target_skip_unavailable': False, 'install_base': '/home/lsm/Project/ros2_study/5.custom/install/cpublisher', 'merge_install': False, 'path': '/home/lsm/Project/ros2_study/5.custom/cpublisher', 'symlink_install': False, 'test_result_base': None}
[0.282s] INFO:colcon.colcon_core.executor:Executing jobs using 'parallel' executor
[0.282s] DEBUG:colcon.colcon_parallel_executor.executor.parallel:run_until_complete
[0.283s] INFO:colcon.colcon_ros.task.ament_cmake.build:Building ROS package in '/home/lsm/Project/ros2_study/5.custom/contact' with build type 'ament_cmake'
[0.288s] INFO:colcon.colcon_core.plugin_system:Skipping extension 'colcon_core.shell.bat': Not used on non-Windows systems
[0.288s] INFO:colcon.colcon_cmake.task.cmake.build:Building CMake package in '/home/lsm/Project/ros2_study/5.custom/contact'
[0.289s] INFO:colcon.colcon_core.shell:Skip shell extension 'powershell' for command environment: Not usable outside of PowerShell
[0.290s] DEBUG:colcon.colcon_core.shell:Ignoring prefix path '/opt/ros/crystal'
[0.304s] DEBUG:colcon.colcon_core.event_handler.log_command:Invoking command in '/home/lsm/Project/ros2_study/5.custom/build/contact': CMAKE_PREFIX_PATH=${CMAKE_PREFIX_PATH}:/opt/ros/crystal /usr/bin/cmake --build /home/lsm/Project/ros2_study/5.custom/build/contact -- -j4 -l4
[0.705s] DEBUG:colcon.colcon_core.event_handler.log_command:Invoked command in '/home/lsm/Project/ros2_study/5.custom/build/contact' returned '0': CMAKE_PREFIX_PATH=${CMAKE_PREFIX_PATH}:/opt/ros/crystal /usr/bin/cmake --build /home/lsm/Project/ros2_study/5.custom/build/contact -- -j4 -l4
[0.911s] DEBUG:colcon.colcon_core.event_handler.log_command:Invoking command in '/home/lsm/Project/ros2_study/5.custom/build/contact': CMAKE_PREFIX_PATH=${CMAKE_PREFIX_PATH}:/opt/ros/crystal /usr/bin/cmake --build /home/lsm/Project/ros2_study/5.custom/build/contact --target install
[1.707s] Level 1:colcon.colcon_core.environment:create_environment_scripts_only(contact)
[1.710s] DEBUG:colcon.colcon_core.event_handler.log_command:Invoked command in '/home/lsm/Project/ros2_study/5.custom/build/contact' returned '0': CMAKE_PREFIX_PATH=${CMAKE_PREFIX_PATH}:/opt/ros/crystal /usr/bin/cmake --build /home/lsm/Project/ros2_study/5.custom/build/contact --target install
[1.714s] Level 1:colcon.colcon_core.environment:checking '/home/lsm/Project/ros2_study/5.custom/install/contact' for CMake module files
[1.716s] Level 1:colcon.colcon_core.environment:checking '/home/lsm/Project/ros2_study/5.custom/install/contact' for CMake config files
[1.716s] Level 1:colcon.colcon_core.shell:create_environment_hook('contact', 'cmake_prefix_path')
[1.717s] INFO:colcon.colcon_core.shell:Creating environment hook '/home/lsm/Project/ros2_study/5.custom/install/contact/share/contact/hook/cmake_prefix_path.ps1'
[1.719s] INFO:colcon.colcon_core.shell:Creating environment hook '/home/lsm/Project/ros2_study/5.custom/install/contact/share/contact/hook/cmake_prefix_path.sh'
[1.722s] Level 1:colcon.colcon_core.environment:checking '/home/lsm/Project/ros2_study/5.custom/install/contact/lib'
[1.722s] Level 1:colcon.colcon_core.shell:create_environment_hook('contact', 'ld_library_path_lib')
[1.723s] INFO:colcon.colcon_core.shell:Creating environment hook '/home/lsm/Project/ros2_study/5.custom/install/contact/share/contact/hook/ld_library_path_lib.ps1'
[1.724s] INFO:colcon.colcon_core.shell:Creating environment hook '/home/lsm/Project/ros2_study/5.custom/install/contact/share/contact/hook/ld_library_path_lib.sh'
[1.725s] Level 1:colcon.colcon_core.environment:checking '/home/lsm/Project/ros2_study/5.custom/install/contact/bin'
[1.725s] Level 1:colcon.colcon_core.environment:checking '/home/lsm/Project/ros2_study/5.custom/install/contact/lib/pkgconfig/contact.pc'
[1.725s] Level 1:colcon.colcon_core.environment:checking '/home/lsm/Project/ros2_study/5.custom/install/contact/lib/python3.6/site-packages'
[1.725s] Level 1:colcon.colcon_core.shell:create_environment_hook('contact', 'pythonpath')
[1.726s] INFO:colcon.colcon_core.shell:Creating environment hook '/home/lsm/Project/ros2_study/5.custom/install/contact/share/contact/hook/pythonpath.ps1'
[1.727s] INFO:colcon.colcon_core.shell:Creating environment hook '/home/lsm/Project/ros2_study/5.custom/install/contact/share/contact/hook/pythonpath.sh'
[1.729s] INFO:colcon.colcon_core.shell:Creating package script '/home/lsm/Project/ros2_study/5.custom/install/contact/share/contact/package.ps1'
[1.731s] INFO:colcon.colcon_core.shell:Creating package script '/home/lsm/Project/ros2_study/5.custom/install/contact/share/contact/package.sh'
[1.734s] INFO:colcon.colcon_core.shell:Creating package script '/home/lsm/Project/ros2_study/5.custom/install/contact/share/contact/package.bash'
[1.736s] INFO:colcon.colcon_core.shell:Creating package script '/home/lsm/Project/ros2_study/5.custom/install/contact/share/contact/package.zsh'
[1.738s] Level 1:colcon.colcon_core.environment:create_file_with_runtime_dependencies(/home/lsm/Project/ros2_study/5.custom/install/contact/share/colcon-core/packages/contact)
[1.739s] INFO:colcon.colcon_ros.task.ament_cmake.build:Building ROS package in '/home/lsm/Project/ros2_study/5.custom/cpublisher' with build type 'ament_cmake'
[1.740s] INFO:colcon.colcon_cmake.task.cmake.build:Building CMake package in '/home/lsm/Project/ros2_study/5.custom/cpublisher'
[1.741s] INFO:colcon.colcon_core.shell:Skip shell extension 'powershell' for command environment: Not usable outside of PowerShell
[1.743s] DEBUG:colcon.colcon_core.shell:Ignoring prefix path '/opt/ros/crystal'
[1.763s] DEBUG:colcon.colcon_core.event_handler.log_command:Invoking command in '/home/lsm/Project/ros2_study/5.custom/build/cpublisher': CMAKE_PREFIX_PATH=/home/lsm/Project/ros2_study/5.custom/install/contact:/home/lsm/Project/ros2_study/5.custom/install/cpublisher:/home/lsm/Project/examples/rclcpp/install/examples_rclcpp_minimal_timer:/home/lsm/Project/examples/rclcpp/install/examples_rclcpp_minimal_subscriber:/home/lsm/Project/examples/rclcpp/install/examples_rclcpp_minimal_service:/home/lsm/Project/examples/rclcpp/install/examples_rclcpp_minimal_publisher:/home/lsm/Project/examples/rclcpp/install/examples_rclcpp_minimal_composition:/home/lsm/Project/examples/rclcpp/install/examples_rclcpp_minimal_client:/home/lsm/Project/examples/rclcpp/install/examples_rclcpp_minimal_action_server:/home/lsm/Project/examples/rclcpp/install/examples_rclcpp_minimal_action_client:/opt/ros/crystal /usr/bin/cmake --build /home/lsm/Project/ros2_study/5.custom/build/cpublisher -- -j4 -l4
[2.602s] DEBUG:colcon.colcon_core.event_handler.log_command:Invoked command in '/home/lsm/Project/ros2_study/5.custom/build/cpublisher' returned '0': CMAKE_PREFIX_PATH=/home/lsm/Project/ros2_study/5.custom/install/contact:/home/lsm/Project/ros2_study/5.custom/install/cpublisher:/home/lsm/Project/examples/rclcpp/install/examples_rclcpp_minimal_timer:/home/lsm/Project/examples/rclcpp/install/examples_rclcpp_minimal_subscriber:/home/lsm/Project/examples/rclcpp/install/examples_rclcpp_minimal_service:/home/lsm/Project/examples/rclcpp/install/examples_rclcpp_minimal_publisher:/home/lsm/Project/examples/rclcpp/install/examples_rclcpp_minimal_composition:/home/lsm/Project/examples/rclcpp/install/examples_rclcpp_minimal_client:/home/lsm/Project/examples/rclcpp/install/examples_rclcpp_minimal_action_server:/home/lsm/Project/examples/rclcpp/install/examples_rclcpp_minimal_action_client:/opt/ros/crystal /usr/bin/cmake --build /home/lsm/Project/ros2_study/5.custom/build/cpublisher -- -j4 -l4
[2.652s] DEBUG:colcon.colcon_core.event_handler.log_command:Invoking command in '/home/lsm/Project/ros2_study/5.custom/build/cpublisher': CMAKE_PREFIX_PATH=/home/lsm/Project/ros2_study/5.custom/install/contact:/home/lsm/Project/ros2_study/5.custom/install/cpublisher:/home/lsm/Project/examples/rclcpp/install/examples_rclcpp_minimal_timer:/home/lsm/Project/examples/rclcpp/install/examples_rclcpp_minimal_subscriber:/home/lsm/Project/examples/rclcpp/install/examples_rclcpp_minimal_service:/home/lsm/Project/examples/rclcpp/install/examples_rclcpp_minimal_publisher:/home/lsm/Project/examples/rclcpp/install/examples_rclcpp_minimal_composition:/home/lsm/Project/examples/rclcpp/install/examples_rclcpp_minimal_client:/home/lsm/Project/examples/rclcpp/install/examples_rclcpp_minimal_action_server:/home/lsm/Project/examples/rclcpp/install/examples_rclcpp_minimal_action_client:/opt/ros/crystal /usr/bin/cmake --build /home/lsm/Project/ros2_study/5.custom/build/cpublisher --target install
[2.764s] Level 1:colcon.colcon_core.environment:create_environment_scripts_only(cpublisher)
[2.766s] DEBUG:colcon.colcon_core.event_handler.log_command:Invoked command in '/home/lsm/Project/ros2_study/5.custom/build/cpublisher' returned '0': CMAKE_PREFIX_PATH=/home/lsm/Project/ros2_study/5.custom/install/contact:/home/lsm/Project/ros2_study/5.custom/install/cpublisher:/home/lsm/Project/examples/rclcpp/install/examples_rclcpp_minimal_timer:/home/lsm/Project/examples/rclcpp/install/examples_rclcpp_minimal_subscriber:/home/lsm/Project/examples/rclcpp/install/examples_rclcpp_minimal_service:/home/lsm/Project/examples/rclcpp/install/examples_rclcpp_minimal_publisher:/home/lsm/Project/examples/rclcpp/install/examples_rclcpp_minimal_composition:/home/lsm/Project/examples/rclcpp/install/examples_rclcpp_minimal_client:/home/lsm/Project/examples/rclcpp/install/examples_rclcpp_minimal_action_server:/home/lsm/Project/examples/rclcpp/install/examples_rclcpp_minimal_action_client:/opt/ros/crystal /usr/bin/cmake --build /home/lsm/Project/ros2_study/5.custom/build/cpublisher --target install
[2.768s] Level 1:colcon.colcon_core.environment:checking '/home/lsm/Project/ros2_study/5.custom/install/cpublisher' for CMake module files
[2.769s] Level 1:colcon.colcon_core.environment:checking '/home/lsm/Project/ros2_study/5.custom/install/cpublisher' for CMake config files
[2.769s] Level 1:colcon.colcon_core.shell:create_environment_hook('cpublisher', 'cmake_prefix_path')
[2.770s] INFO:colcon.colcon_core.shell:Creating environment hook '/home/lsm/Project/ros2_study/5.custom/install/cpublisher/share/cpublisher/hook/cmake_prefix_path.ps1'
[2.771s] INFO:colcon.colcon_core.shell:Creating environment hook '/home/lsm/Project/ros2_study/5.custom/install/cpublisher/share/cpublisher/hook/cmake_prefix_path.sh'
[2.773s] Level 1:colcon.colcon_core.environment:checking '/home/lsm/Project/ros2_study/5.custom/install/cpublisher/lib'
[2.773s] Level 1:colcon.colcon_core.environment:checking '/home/lsm/Project/ros2_study/5.custom/install/cpublisher/bin'
[2.773s] Level 1:colcon.colcon_core.environment:checking '/home/lsm/Project/ros2_study/5.custom/install/cpublisher/lib/pkgconfig/cpublisher.pc'
[2.773s] Level 1:colcon.colcon_core.environment:checking '/home/lsm/Project/ros2_study/5.custom/install/cpublisher/lib/python3.6/site-packages'
[2.774s] INFO:colcon.colcon_core.shell:Creating package script '/home/lsm/Project/ros2_study/5.custom/install/cpublisher/share/cpublisher/package.ps1'
[2.775s] INFO:colcon.colcon_core.shell:Creating package script '/home/lsm/Project/ros2_study/5.custom/install/cpublisher/share/cpublisher/package.sh'
[2.776s] INFO:colcon.colcon_core.shell:Creating package script '/home/lsm/Project/ros2_study/5.custom/install/cpublisher/share/cpublisher/package.bash'
[2.777s] INFO:colcon.colcon_core.shell:Creating package script '/home/lsm/Project/ros2_study/5.custom/install/cpublisher/share/cpublisher/package.zsh'
[2.778s] Level 1:colcon.colcon_core.environment:create_file_with_runtime_dependencies(/home/lsm/Project/ros2_study/5.custom/install/cpublisher/share/colcon-core/packages/cpublisher)
[2.778s] DEBUG:colcon.colcon_parallel_executor.executor.parallel:closing loop
[2.779s] DEBUG:colcon.colcon_parallel_executor.executor.parallel:loop closed
[2.779s] DEBUG:colcon.colcon_parallel_executor.executor.parallel:run_until_complete finished with '0'
[2.779s] DEBUG:colcon.colcon_core.event_reactor:joining thread
[2.787s] INFO:colcon.colcon_core.plugin_system:Skipping extension 'colcon_notification.desktop_notification.terminal_notifier': Not used on non-Darwin systems
[2.787s] INFO:colcon.colcon_core.plugin_system:Skipping extension 'colcon_notification.desktop_notification.win32': Not used on non-Windows systems
[2.787s] INFO:colcon.colcon_notification.desktop_notification:Sending desktop notification using 'notify2'
[2.790s] DEBUG:colcon.colcon_core.event_reactor:joined thread
[2.792s] INFO:colcon.colcon_core.shell:Creating prefix script '/home/lsm/Project/ros2_study/5.custom/install/local_setup.ps1'
[2.796s] INFO:colcon.colcon_core.shell:Creating prefix chain script '/home/lsm/Project/ros2_study/5.custom/install/setup.ps1'
[2.800s] INFO:colcon.colcon_core.shell:Creating prefix script '/home/lsm/Project/ros2_study/5.custom/install/local_setup.sh'
[2.803s] INFO:colcon.colcon_core.shell:Creating prefix chain script '/home/lsm/Project/ros2_study/5.custom/install/setup.sh'
[2.805s] INFO:colcon.colcon_core.shell:Creating prefix script '/home/lsm/Project/ros2_study/5.custom/install/local_setup.bash'
[2.807s] INFO:colcon.colcon_core.shell:Creating prefix chain script '/home/lsm/Project/ros2_study/5.custom/install/setup.bash'
[2.809s] INFO:colcon.colcon_core.shell:Creating prefix script '/home/lsm/Project/ros2_study/5.custom/install/local_setup.zsh'
[2.811s] INFO:colcon.colcon_core.shell:Creating prefix chain script '/home/lsm/Project/ros2_study/5.custom/install/setup.zsh'
