Invoking command in '/home/lsm/Project/ros2_study/5.custom/build/cpublisher': CMAKE_PREFIX_PATH=/home/lsm/Project/ros2_study/5.custom/install/contact:/home/lsm/Project/ros2_study/5.custom/install/cpublisher:/home/lsm/Project/examples/rclcpp/install/examples_rclcpp_minimal_timer:/home/lsm/Project/examples/rclcpp/install/examples_rclcpp_minimal_subscriber:/home/lsm/Project/examples/rclcpp/install/examples_rclcpp_minimal_service:/home/lsm/Project/examples/rclcpp/install/examples_rclcpp_minimal_publisher:/home/lsm/Project/examples/rclcpp/install/examples_rclcpp_minimal_composition:/home/lsm/Project/examples/rclcpp/install/examples_rclcpp_minimal_client:/home/lsm/Project/examples/rclcpp/install/examples_rclcpp_minimal_action_server:/home/lsm/Project/examples/rclcpp/install/examples_rclcpp_minimal_action_client:/opt/ros/crystal /usr/bin/cmake --build /home/lsm/Project/ros2_study/5.custom/build/cpublisher -- -j4 -l4
-- Found ament_cmake: 0.6.0 (/opt/ros/crystal/share/ament_cmake/cmake)
-- Using PYTHON_EXECUTABLE: /usr/bin/python3
-- Found rclcpp: 0.6.3 (/opt/ros/crystal/share/rclcpp/cmake)
-- Found rosidl_adapter: 0.6.3 (/opt/ros/crystal/share/rosidl_adapter/cmake)
-- Found rmw_implementation_cmake: 0.6.1 (/opt/ros/crystal/share/rmw_implementation_cmake/cmake)
-- Found contact: 0.0.0 (/home/lsm/Project/ros2_study/5.custom/install/contact/share/contact/cmake)
-- Configuring done
-- Generating done
-- Build files have been written to: /home/lsm/Project/ros2_study/5.custom/build/cpublisher
[35m[1mScanning dependencies of target publish_contact[0m
[ 50%] [32mBuilding CXX object CMakeFiles/publish_contact.dir/publish_contact.cpp.o[0m
[100%] [32m[1mLinking CXX executable publish_contact[0m
[100%] Built target publish_contact
Invoked command in '/home/lsm/Project/ros2_study/5.custom/build/cpublisher' returned '0': CMAKE_PREFIX_PATH=/home/lsm/Project/ros2_study/5.custom/install/contact:/home/lsm/Project/ros2_study/5.custom/install/cpublisher:/home/lsm/Project/examples/rclcpp/install/examples_rclcpp_minimal_timer:/home/lsm/Project/examples/rclcpp/install/examples_rclcpp_minimal_subscriber:/home/lsm/Project/examples/rclcpp/install/examples_rclcpp_minimal_service:/home/lsm/Project/examples/rclcpp/install/examples_rclcpp_minimal_publisher:/home/lsm/Project/examples/rclcpp/install/examples_rclcpp_minimal_composition:/home/lsm/Project/examples/rclcpp/install/examples_rclcpp_minimal_client:/home/lsm/Project/examples/rclcpp/install/examples_rclcpp_minimal_action_server:/home/lsm/Project/examples/rclcpp/install/examples_rclcpp_minimal_action_client:/opt/ros/crystal /usr/bin/cmake --build /home/lsm/Project/ros2_study/5.custom/build/cpublisher -- -j4 -l4
Invoking command in '/home/lsm/Project/ros2_study/5.custom/build/cpublisher': CMAKE_PREFIX_PATH=/home/lsm/Project/ros2_study/5.custom/install/contact:/home/lsm/Project/ros2_study/5.custom/install/cpublisher:/home/lsm/Project/examples/rclcpp/install/examples_rclcpp_minimal_timer:/home/lsm/Project/examples/rclcpp/install/examples_rclcpp_minimal_subscriber:/home/lsm/Project/examples/rclcpp/install/examples_rclcpp_minimal_service:/home/lsm/Project/examples/rclcpp/install/examples_rclcpp_minimal_publisher:/home/lsm/Project/examples/rclcpp/install/examples_rclcpp_minimal_composition:/home/lsm/Project/examples/rclcpp/install/examples_rclcpp_minimal_client:/home/lsm/Project/examples/rclcpp/install/examples_rclcpp_minimal_action_server:/home/lsm/Project/examples/rclcpp/install/examples_rclcpp_minimal_action_client:/opt/ros/crystal /usr/bin/cmake --build /home/lsm/Project/ros2_study/5.custom/build/cpublisher --target install
[100%] Built target publish_contact
[36mInstall the project...[0m
-- Install configuration: ""
-- Up-to-date: /home/lsm/Project/ros2_study/5.custom/install/cpublisher/share/ament_index/resource_index/package_run_dependencies/cpublisher
-- Installing: /home/lsm/Project/ros2_study/5.custom/install/cpublisher/share/ament_index/resource_index/parent_prefix_path/cpublisher
-- Up-to-date: /home/lsm/Project/ros2_study/5.custom/install/cpublisher/share/cpublisher/environment/ament_prefix_path.sh
-- Up-to-date: /home/lsm/Project/ros2_study/5.custom/install/cpublisher/share/cpublisher/environment/path.sh
-- Up-to-date: /home/lsm/Project/ros2_study/5.custom/install/cpublisher/share/cpublisher/local_setup.bash
-- Up-to-date: /home/lsm/Project/ros2_study/5.custom/install/cpublisher/share/cpublisher/local_setup.sh
-- Up-to-date: /home/lsm/Project/ros2_study/5.custom/install/cpublisher/share/cpublisher/local_setup.zsh
-- Up-to-date: /home/lsm/Project/ros2_study/5.custom/install/cpublisher/share/ament_index/resource_index/packages/cpublisher
-- Up-to-date: /home/lsm/Project/ros2_study/5.custom/install/cpublisher/share/cpublisher/cmake/cpublisherConfig.cmake
-- Up-to-date: /home/lsm/Project/ros2_study/5.custom/install/cpublisher/share/cpublisher/cmake/cpublisherConfig-version.cmake
-- Up-to-date: /home/lsm/Project/ros2_study/5.custom/install/cpublisher/share/cpublisher/package.xml
Invoked command in '/home/lsm/Project/ros2_study/5.custom/build/cpublisher' returned '0': CMAKE_PREFIX_PATH=/home/lsm/Project/ros2_study/5.custom/install/contact:/home/lsm/Project/ros2_study/5.custom/install/cpublisher:/home/lsm/Project/examples/rclcpp/install/examples_rclcpp_minimal_timer:/home/lsm/Project/examples/rclcpp/install/examples_rclcpp_minimal_subscriber:/home/lsm/Project/examples/rclcpp/install/examples_rclcpp_minimal_service:/home/lsm/Project/examples/rclcpp/install/examples_rclcpp_minimal_publisher:/home/lsm/Project/examples/rclcpp/install/examples_rclcpp_minimal_composition:/home/lsm/Project/examples/rclcpp/install/examples_rclcpp_minimal_client:/home/lsm/Project/examples/rclcpp/install/examples_rclcpp_minimal_action_server:/home/lsm/Project/examples/rclcpp/install/examples_rclcpp_minimal_action_client:/opt/ros/crystal /usr/bin/cmake --build /home/lsm/Project/ros2_study/5.custom/build/cpublisher --target install
