[0.188s] DEBUG:colcon:Command line arguments: ['/usr/bin/colcon', 'build']
[0.188s] DEBUG:colcon:Parsed command line arguments: Namespace(ament_cmake_args=None, base_paths='.', build_base='build', catkin_cmake_args=None, catkin_skip_building_tests=False, cmake_args=None, cmake_clean_cache=False, cmake_clean_first=False, cmake_force_configure=False, cmake_target=None, cmake_target_skip_unavailable=False, continue_on_error=False, event_handlers=None, executor='parallel', ignore_user_meta=False, install_base='install', log_base='log', log_level=None, main=<bound method BuildVerb.main of <colcon_core.verb.build.BuildVerb object at 0x7f7586887748>>, merge_install=False, metas='./colcon.meta', packages_above=None, packages_end=None, packages_ignore=None, packages_ignore_regex=None, packages_select=None, packages_select_build_failed=False, packages_select_by_dep=None, packages_select_regex=None, packages_select_test_failures=False, packages_skip=None, packages_skip_build_finished=False, packages_skip_by_dep=None, packages_skip_regex=None, packages_skip_test_passed=False, packages_skip_up_to=None, packages_start=None, packages_up_to=None, parallel_workers=4, paths=None, symlink_install=False, test_result_base=None, verb_extension=<colcon_core.verb.build.BuildVerb object at 0x7f7586887748>, verb_name='build', verb_parser=<colcon_defaults.argument_parser.defaults.DefaultArgumentsDecorator object at 0x7f7586887b00>)
[0.240s] Level 1:colcon.colcon_core.package_discovery:discover_packages(colcon_meta) check parameters
[0.240s] Level 1:colcon.colcon_core.package_discovery:discover_packages(recursive) check parameters
[0.240s] Level 1:colcon.colcon_core.package_discovery:discover_packages(ignore) check parameters
[0.240s] Level 1:colcon.colcon_core.package_discovery:discover_packages(path) check parameters
[0.240s] Level 1:colcon.colcon_core.package_discovery:discover_packages(recursive) discover
[0.241s] INFO:colcon.colcon_core.package_discovery:Crawling recursively for packages in '/home/lsm/Project/ros2_study/6.img'
[0.241s] Level 1:colcon.colcon_core.package_identification:_identify(/home/lsm/Project/ros2_study/6.img) by extensions ['ignore', 'ignore_ament_install']
[0.241s] Level 1:colcon.colcon_core.package_identification:_identify(/home/lsm/Project/ros2_study/6.img) by extension 'ignore'
[0.241s] Level 1:colcon.colcon_core.package_identification:_identify(/home/lsm/Project/ros2_study/6.img) by extension 'ignore_ament_install'
[0.241s] Level 1:colcon.colcon_core.package_identification:_identify(/home/lsm/Project/ros2_study/6.img) by extensions ['colcon_pkg']
[0.242s] Level 1:colcon.colcon_core.package_identification:_identify(/home/lsm/Project/ros2_study/6.img) by extension 'colcon_pkg'
[0.242s] Level 1:colcon.colcon_core.package_identification:_identify(/home/lsm/Project/ros2_study/6.img) by extensions ['colcon_meta']
[0.242s] Level 1:colcon.colcon_core.package_identification:_identify(/home/lsm/Project/ros2_study/6.img) by extension 'colcon_meta'
[0.242s] Level 1:colcon.colcon_core.package_identification:_identify(/home/lsm/Project/ros2_study/6.img) by extensions ['ros']
[0.242s] Level 1:colcon.colcon_core.package_identification:_identify(/home/lsm/Project/ros2_study/6.img) by extension 'ros'
[0.257s] Level 1:colcon.colcon_core.package_identification:_identify(/home/lsm/Project/ros2_study/6.img) by extensions ['cmake', 'python']
[0.258s] Level 1:colcon.colcon_core.package_identification:_identify(/home/lsm/Project/ros2_study/6.img) by extension 'cmake'
[0.258s] Level 1:colcon.colcon_core.package_identification:_identify(/home/lsm/Project/ros2_study/6.img) by extension 'python'
[0.258s] Level 1:colcon.colcon_core.package_identification:_identify(/home/lsm/Project/ros2_study/6.img) by extensions ['python_setup_py']
[0.258s] Level 1:colcon.colcon_core.package_identification:_identify(/home/lsm/Project/ros2_study/6.img) by extension 'python_setup_py'
[0.258s] Level 1:colcon.colcon_core.package_identification:_identify(/home/lsm/Project/ros2_study/6.img/build) by extensions ['ignore', 'ignore_ament_install']
[0.258s] Level 1:colcon.colcon_core.package_identification:_identify(/home/lsm/Project/ros2_study/6.img/build) by extension 'ignore'
[0.258s] Level 1:colcon.colcon_core.package_identification:_identify(/home/lsm/Project/ros2_study/6.img/build) ignored
[0.259s] Level 1:colcon.colcon_core.package_identification:_identify(/home/lsm/Project/ros2_study/6.img/cv_img) by extensions ['ignore', 'ignore_ament_install']
[0.259s] Level 1:colcon.colcon_core.package_identification:_identify(/home/lsm/Project/ros2_study/6.img/cv_img) by extension 'ignore'
[0.259s] Level 1:colcon.colcon_core.package_identification:_identify(/home/lsm/Project/ros2_study/6.img/cv_img) by extension 'ignore_ament_install'
[0.260s] Level 1:colcon.colcon_core.package_identification:_identify(/home/lsm/Project/ros2_study/6.img/cv_img) by extensions ['colcon_pkg']
[0.260s] Level 1:colcon.colcon_core.package_identification:_identify(/home/lsm/Project/ros2_study/6.img/cv_img) by extension 'colcon_pkg'
[0.260s] Level 1:colcon.colcon_core.package_identification:_identify(/home/lsm/Project/ros2_study/6.img/cv_img) by extensions ['colcon_meta']
[0.260s] Level 1:colcon.colcon_core.package_identification:_identify(/home/lsm/Project/ros2_study/6.img/cv_img) by extension 'colcon_meta'
[0.260s] Level 1:colcon.colcon_core.package_identification:_identify(/home/lsm/Project/ros2_study/6.img/cv_img) by extensions ['ros']
[0.260s] Level 1:colcon.colcon_core.package_identification:_identify(/home/lsm/Project/ros2_study/6.img/cv_img) by extension 'ros'
[0.263s] DEBUG:colcon.colcon_core.package_identification:Package '/home/lsm/Project/ros2_study/6.img/cv_img' with type 'ros.ament_cmake' and name 'cv_img'
[0.263s] Level 1:colcon.colcon_core.package_identification:_identify(/home/lsm/Project/ros2_study/6.img/install) by extensions ['ignore', 'ignore_ament_install']
[0.264s] Level 1:colcon.colcon_core.package_identification:_identify(/home/lsm/Project/ros2_study/6.img/install) by extension 'ignore'
[0.264s] Level 1:colcon.colcon_core.package_identification:_identify(/home/lsm/Project/ros2_study/6.img/install) ignored
[0.264s] Level 1:colcon.colcon_core.package_identification:_identify(/home/lsm/Project/ros2_study/6.img/log) by extensions ['ignore', 'ignore_ament_install']
[0.264s] Level 1:colcon.colcon_core.package_identification:_identify(/home/lsm/Project/ros2_study/6.img/log) by extension 'ignore'
[0.264s] Level 1:colcon.colcon_core.package_identification:_identify(/home/lsm/Project/ros2_study/6.img/log) ignored
[0.264s] Level 1:colcon.colcon_core.package_discovery:discover_packages(recursive) using defaults
[0.271s] Level 5:colcon.colcon_core.verb:set package 'cv_img' build argument 'cmake_args' from command line to 'None'
[0.271s] Level 5:colcon.colcon_core.verb:set package 'cv_img' build argument 'cmake_target' from command line to 'None'
[0.271s] Level 5:colcon.colcon_core.verb:set package 'cv_img' build argument 'cmake_target_skip_unavailable' from command line to 'False'
[0.271s] Level 5:colcon.colcon_core.verb:set package 'cv_img' build argument 'cmake_clean_cache' from command line to 'False'
[0.271s] Level 5:colcon.colcon_core.verb:set package 'cv_img' build argument 'cmake_clean_first' from command line to 'False'
[0.271s] Level 5:colcon.colcon_core.verb:set package 'cv_img' build argument 'cmake_force_configure' from command line to 'False'
[0.271s] Level 5:colcon.colcon_core.verb:set package 'cv_img' build argument 'ament_cmake_args' from command line to 'None'
[0.271s] Level 5:colcon.colcon_core.verb:set package 'cv_img' build argument 'catkin_cmake_args' from command line to 'None'
[0.271s] Level 5:colcon.colcon_core.verb:set package 'cv_img' build argument 'catkin_skip_building_tests' from command line to 'False'
[0.271s] DEBUG:colcon.colcon_core.verb:Building package 'cv_img' with the following arguments: {'ament_cmake_args': None, 'build_base': '/home/lsm/Project/ros2_study/6.img/build/cv_img', 'catkin_cmake_args': None, 'catkin_skip_building_tests': False, 'cmake_args': None, 'cmake_clean_cache': False, 'cmake_clean_first': False, 'cmake_force_configure': False, 'cmake_target': None, 'cmake_target_skip_unavailable': False, 'install_base': '/home/lsm/Project/ros2_study/6.img/install/cv_img', 'merge_install': False, 'path': '/home/lsm/Project/ros2_study/6.img/cv_img', 'symlink_install': False, 'test_result_base': None}
[0.273s] INFO:colcon.colcon_core.executor:Executing jobs using 'parallel' executor
[0.274s] DEBUG:colcon.colcon_parallel_executor.executor.parallel:run_until_complete
[0.274s] INFO:colcon.colcon_ros.task.ament_cmake.build:Building ROS package in '/home/lsm/Project/ros2_study/6.img/cv_img' with build type 'ament_cmake'
[0.280s] INFO:colcon.colcon_core.plugin_system:Skipping extension 'colcon_core.shell.bat': Not used on non-Windows systems
[0.280s] INFO:colcon.colcon_cmake.task.cmake.build:Building CMake package in '/home/lsm/Project/ros2_study/6.img/cv_img'
[0.281s] INFO:colcon.colcon_core.shell:Skip shell extension 'powershell' for command environment: Not usable outside of PowerShell
[0.281s] DEBUG:colcon.colcon_core.shell:Ignoring prefix path '/opt/ros/crystal'
[0.293s] DEBUG:colcon.colcon_core.event_handler.log_command:Invoking command in '/home/lsm/Project/ros2_study/6.img/build/cv_img': CMAKE_PREFIX_PATH=${CMAKE_PREFIX_PATH}:/opt/ros/crystal /usr/bin/cmake /home/lsm/Project/ros2_study/6.img/cv_img -DCMAKE_INSTALL_PREFIX=/home/lsm/Project/ros2_study/6.img/install/cv_img
[2.359s] DEBUG:colcon.colcon_core.event_handler.log_command:Invoked command in '/home/lsm/Project/ros2_study/6.img/build/cv_img' returned '0': CMAKE_PREFIX_PATH=${CMAKE_PREFIX_PATH}:/opt/ros/crystal /usr/bin/cmake /home/lsm/Project/ros2_study/6.img/cv_img -DCMAKE_INSTALL_PREFIX=/home/lsm/Project/ros2_study/6.img/install/cv_img
[2.361s] DEBUG:colcon.colcon_core.event_handler.log_command:Invoking command in '/home/lsm/Project/ros2_study/6.img/build/cv_img': CMAKE_PREFIX_PATH=${CMAKE_PREFIX_PATH}:/opt/ros/crystal /usr/bin/cmake --build /home/lsm/Project/ros2_study/6.img/build/cv_img -- -j4 -l4
[7.829s] DEBUG:colcon.colcon_core.event_handler.log_command:Invoked command in '/home/lsm/Project/ros2_study/6.img/build/cv_img' returned '0': CMAKE_PREFIX_PATH=${CMAKE_PREFIX_PATH}:/opt/ros/crystal /usr/bin/cmake --build /home/lsm/Project/ros2_study/6.img/build/cv_img -- -j4 -l4
[7.879s] DEBUG:colcon.colcon_core.event_handler.log_command:Invoking command in '/home/lsm/Project/ros2_study/6.img/build/cv_img': CMAKE_PREFIX_PATH=${CMAKE_PREFIX_PATH}:/opt/ros/crystal /usr/bin/cmake --build /home/lsm/Project/ros2_study/6.img/build/cv_img --target install
[8.029s] Level 1:colcon.colcon_core.environment:create_environment_scripts_only(cv_img)
[8.031s] DEBUG:colcon.colcon_core.event_handler.log_command:Invoked command in '/home/lsm/Project/ros2_study/6.img/build/cv_img' returned '0': CMAKE_PREFIX_PATH=${CMAKE_PREFIX_PATH}:/opt/ros/crystal /usr/bin/cmake --build /home/lsm/Project/ros2_study/6.img/build/cv_img --target install
[8.034s] Level 1:colcon.colcon_core.environment:checking '/home/lsm/Project/ros2_study/6.img/install/cv_img' for CMake module files
[8.035s] Level 1:colcon.colcon_core.environment:checking '/home/lsm/Project/ros2_study/6.img/install/cv_img' for CMake config files
[8.036s] Level 1:colcon.colcon_core.shell:create_environment_hook('cv_img', 'cmake_prefix_path')
[8.037s] INFO:colcon.colcon_core.shell:Creating environment hook '/home/lsm/Project/ros2_study/6.img/install/cv_img/share/cv_img/hook/cmake_prefix_path.ps1'
[8.038s] INFO:colcon.colcon_core.shell:Creating environment hook '/home/lsm/Project/ros2_study/6.img/install/cv_img/share/cv_img/hook/cmake_prefix_path.sh'
[8.040s] Level 1:colcon.colcon_core.environment:checking '/home/lsm/Project/ros2_study/6.img/install/cv_img/lib'
[8.041s] Level 1:colcon.colcon_core.environment:checking '/home/lsm/Project/ros2_study/6.img/install/cv_img/bin'
[8.041s] Level 1:colcon.colcon_core.environment:checking '/home/lsm/Project/ros2_study/6.img/install/cv_img/lib/pkgconfig/cv_img.pc'
[8.041s] Level 1:colcon.colcon_core.environment:checking '/home/lsm/Project/ros2_study/6.img/install/cv_img/lib/python3.6/site-packages'
[8.042s] INFO:colcon.colcon_core.shell:Creating package script '/home/lsm/Project/ros2_study/6.img/install/cv_img/share/cv_img/package.ps1'
[8.044s] INFO:colcon.colcon_core.shell:Creating package script '/home/lsm/Project/ros2_study/6.img/install/cv_img/share/cv_img/package.sh'
[8.045s] INFO:colcon.colcon_core.shell:Creating package script '/home/lsm/Project/ros2_study/6.img/install/cv_img/share/cv_img/package.bash'
[8.047s] INFO:colcon.colcon_core.shell:Creating package script '/home/lsm/Project/ros2_study/6.img/install/cv_img/share/cv_img/package.zsh'
[8.048s] Level 1:colcon.colcon_core.environment:create_file_with_runtime_dependencies(/home/lsm/Project/ros2_study/6.img/install/cv_img/share/colcon-core/packages/cv_img)
[8.048s] DEBUG:colcon.colcon_parallel_executor.executor.parallel:closing loop
[8.049s] DEBUG:colcon.colcon_parallel_executor.executor.parallel:loop closed
[8.049s] DEBUG:colcon.colcon_parallel_executor.executor.parallel:run_until_complete finished with '0'
[8.050s] DEBUG:colcon.colcon_core.event_reactor:joining thread
[8.057s] INFO:colcon.colcon_core.plugin_system:Skipping extension 'colcon_notification.desktop_notification.terminal_notifier': Not used on non-Darwin systems
[8.057s] INFO:colcon.colcon_core.plugin_system:Skipping extension 'colcon_notification.desktop_notification.win32': Not used on non-Windows systems
[8.057s] INFO:colcon.colcon_notification.desktop_notification:Sending desktop notification using 'notify2'
[8.060s] DEBUG:colcon.colcon_core.event_reactor:joined thread
[8.061s] INFO:colcon.colcon_core.shell:Creating prefix script '/home/lsm/Project/ros2_study/6.img/install/local_setup.ps1'
[8.064s] INFO:colcon.colcon_core.shell:Creating prefix chain script '/home/lsm/Project/ros2_study/6.img/install/setup.ps1'
[8.065s] INFO:colcon.colcon_core.shell:Creating prefix script '/home/lsm/Project/ros2_study/6.img/install/local_setup.sh'
[8.067s] INFO:colcon.colcon_core.shell:Creating prefix chain script '/home/lsm/Project/ros2_study/6.img/install/setup.sh'
[8.069s] INFO:colcon.colcon_core.shell:Creating prefix script '/home/lsm/Project/ros2_study/6.img/install/local_setup.bash'
[8.072s] INFO:colcon.colcon_core.shell:Creating prefix chain script '/home/lsm/Project/ros2_study/6.img/install/setup.bash'
[8.074s] INFO:colcon.colcon_core.shell:Creating prefix script '/home/lsm/Project/ros2_study/6.img/install/local_setup.zsh'
[8.075s] INFO:colcon.colcon_core.shell:Creating prefix chain script '/home/lsm/Project/ros2_study/6.img/install/setup.zsh'
