[0.186s] DEBUG:colcon:Command line arguments: ['/usr/bin/colcon', 'build']
[0.186s] DEBUG:colcon:Parsed command line arguments: Namespace(ament_cmake_args=None, base_paths='.', build_base='build', catkin_cmake_args=None, catkin_skip_building_tests=False, cmake_args=None, cmake_clean_cache=False, cmake_clean_first=False, cmake_force_configure=False, cmake_target=None, cmake_target_skip_unavailable=False, continue_on_error=False, event_handlers=None, executor='parallel', ignore_user_meta=False, install_base='install', log_base='log', log_level=None, main=<bound method BuildVerb.main of <colcon_core.verb.build.BuildVerb object at 0x7f99422b79e8>>, merge_install=False, metas='./colcon.meta', packages_above=None, packages_end=None, packages_ignore=None, packages_ignore_regex=None, packages_select=None, packages_select_build_failed=False, packages_select_by_dep=None, packages_select_regex=None, packages_select_test_failures=False, packages_skip=None, packages_skip_build_finished=False, packages_skip_by_dep=None, packages_skip_regex=None, packages_skip_test_passed=False, packages_skip_up_to=None, packages_start=None, packages_up_to=None, parallel_workers=4, paths=None, symlink_install=False, test_result_base=None, verb_extension=<colcon_core.verb.build.BuildVerb object at 0x7f99422b79e8>, verb_name='build', verb_parser=<colcon_defaults.argument_parser.defaults.DefaultArgumentsDecorator object at 0x7f99422b7d68>)
[0.241s] Level 1:colcon.colcon_core.package_discovery:discover_packages(colcon_meta) check parameters
[0.241s] Level 1:colcon.colcon_core.package_discovery:discover_packages(recursive) check parameters
[0.242s] Level 1:colcon.colcon_core.package_discovery:discover_packages(ignore) check parameters
[0.242s] Level 1:colcon.colcon_core.package_discovery:discover_packages(path) check parameters
[0.242s] Level 1:colcon.colcon_core.package_discovery:discover_packages(recursive) discover
[0.243s] INFO:colcon.colcon_core.package_discovery:Crawling recursively for packages in '/home/lsm/Project/ros2_study/3.services/client'
[0.243s] Level 1:colcon.colcon_core.package_identification:_identify(/home/lsm/Project/ros2_study/3.services/client) by extensions ['ignore', 'ignore_ament_install']
[0.243s] Level 1:colcon.colcon_core.package_identification:_identify(/home/lsm/Project/ros2_study/3.services/client) by extension 'ignore'
[0.243s] Level 1:colcon.colcon_core.package_identification:_identify(/home/lsm/Project/ros2_study/3.services/client) by extension 'ignore_ament_install'
[0.244s] Level 1:colcon.colcon_core.package_identification:_identify(/home/lsm/Project/ros2_study/3.services/client) by extensions ['colcon_pkg']
[0.244s] Level 1:colcon.colcon_core.package_identification:_identify(/home/lsm/Project/ros2_study/3.services/client) by extension 'colcon_pkg'
[0.244s] Level 1:colcon.colcon_core.package_identification:_identify(/home/lsm/Project/ros2_study/3.services/client) by extensions ['colcon_meta']
[0.244s] Level 1:colcon.colcon_core.package_identification:_identify(/home/lsm/Project/ros2_study/3.services/client) by extension 'colcon_meta'
[0.244s] Level 1:colcon.colcon_core.package_identification:_identify(/home/lsm/Project/ros2_study/3.services/client) by extensions ['ros']
[0.245s] Level 1:colcon.colcon_core.package_identification:_identify(/home/lsm/Project/ros2_study/3.services/client) by extension 'ros'
[0.263s] DEBUG:colcon.colcon_core.package_identification:Package '/home/lsm/Project/ros2_study/3.services/client' with type 'ros.ament_cmake' and name 'client'
[0.264s] Level 1:colcon.colcon_core.package_discovery:discover_packages(recursive) using defaults
[0.271s] Level 5:colcon.colcon_core.verb:set package 'client' build argument 'cmake_args' from command line to 'None'
[0.271s] Level 5:colcon.colcon_core.verb:set package 'client' build argument 'cmake_target' from command line to 'None'
[0.271s] Level 5:colcon.colcon_core.verb:set package 'client' build argument 'cmake_target_skip_unavailable' from command line to 'False'
[0.271s] Level 5:colcon.colcon_core.verb:set package 'client' build argument 'cmake_clean_cache' from command line to 'False'
[0.271s] Level 5:colcon.colcon_core.verb:set package 'client' build argument 'cmake_clean_first' from command line to 'False'
[0.271s] Level 5:colcon.colcon_core.verb:set package 'client' build argument 'cmake_force_configure' from command line to 'False'
[0.271s] Level 5:colcon.colcon_core.verb:set package 'client' build argument 'ament_cmake_args' from command line to 'None'
[0.272s] Level 5:colcon.colcon_core.verb:set package 'client' build argument 'catkin_cmake_args' from command line to 'None'
[0.272s] Level 5:colcon.colcon_core.verb:set package 'client' build argument 'catkin_skip_building_tests' from command line to 'False'
[0.272s] DEBUG:colcon.colcon_core.verb:Building package 'client' with the following arguments: {'ament_cmake_args': None, 'build_base': '/home/lsm/Project/ros2_study/3.services/client/build/client', 'catkin_cmake_args': None, 'catkin_skip_building_tests': False, 'cmake_args': None, 'cmake_clean_cache': False, 'cmake_clean_first': False, 'cmake_force_configure': False, 'cmake_target': None, 'cmake_target_skip_unavailable': False, 'install_base': '/home/lsm/Project/ros2_study/3.services/client/install/client', 'merge_install': False, 'path': '/home/lsm/Project/ros2_study/3.services/client', 'symlink_install': False, 'test_result_base': None}
[0.275s] INFO:colcon.colcon_core.executor:Executing jobs using 'parallel' executor
[0.276s] DEBUG:colcon.colcon_parallel_executor.executor.parallel:run_until_complete
[0.277s] INFO:colcon.colcon_ros.task.ament_cmake.build:Building ROS package in '/home/lsm/Project/ros2_study/3.services/client' with build type 'ament_cmake'
[0.282s] INFO:colcon.colcon_core.plugin_system:Skipping extension 'colcon_core.shell.bat': Not used on non-Windows systems
[0.282s] INFO:colcon.colcon_cmake.task.cmake.build:Building CMake package in '/home/lsm/Project/ros2_study/3.services/client'
[0.283s] INFO:colcon.colcon_core.shell:Skip shell extension 'powershell' for command environment: Not usable outside of PowerShell
[0.283s] DEBUG:colcon.colcon_core.shell:Ignoring prefix path '/opt/ros/crystal'
[0.295s] DEBUG:colcon.colcon_core.event_handler.log_command:Invoking command in '/home/lsm/Project/ros2_study/3.services/client/build/client': CMAKE_PREFIX_PATH=/opt/ros/crystal /usr/bin/cmake /home/lsm/Project/ros2_study/3.services/client -DCMAKE_INSTALL_PREFIX=/home/lsm/Project/ros2_study/3.services/client/install/client
[2.241s] DEBUG:colcon.colcon_core.event_handler.log_command:Invoked command in '/home/lsm/Project/ros2_study/3.services/client/build/client' returned '0': CMAKE_PREFIX_PATH=/opt/ros/crystal /usr/bin/cmake /home/lsm/Project/ros2_study/3.services/client -DCMAKE_INSTALL_PREFIX=/home/lsm/Project/ros2_study/3.services/client/install/client
[2.245s] DEBUG:colcon.colcon_core.event_handler.log_command:Invoking command in '/home/lsm/Project/ros2_study/3.services/client/build/client': CMAKE_PREFIX_PATH=/opt/ros/crystal /usr/bin/cmake --build /home/lsm/Project/ros2_study/3.services/client/build/client -- -j4 -l4
[2.298s] DEBUG:colcon.colcon_core.event_handler.log_command:Invoked command in '/home/lsm/Project/ros2_study/3.services/client/build/client' returned '0': CMAKE_PREFIX_PATH=/opt/ros/crystal /usr/bin/cmake --build /home/lsm/Project/ros2_study/3.services/client/build/client -- -j4 -l4
[2.341s] DEBUG:colcon.colcon_core.event_handler.log_command:Invoking command in '/home/lsm/Project/ros2_study/3.services/client/build/client': CMAKE_PREFIX_PATH=/opt/ros/crystal /usr/bin/cmake --build /home/lsm/Project/ros2_study/3.services/client/build/client --target install
[2.414s] Level 1:colcon.colcon_core.environment:create_environment_scripts_only(client)
[2.416s] DEBUG:colcon.colcon_core.event_handler.log_command:Invoked command in '/home/lsm/Project/ros2_study/3.services/client/build/client' returned '0': CMAKE_PREFIX_PATH=/opt/ros/crystal /usr/bin/cmake --build /home/lsm/Project/ros2_study/3.services/client/build/client --target install
[2.421s] Level 1:colcon.colcon_core.environment:checking '/home/lsm/Project/ros2_study/3.services/client/install/client' for CMake module files
[2.422s] Level 1:colcon.colcon_core.environment:checking '/home/lsm/Project/ros2_study/3.services/client/install/client' for CMake config files
[2.423s] Level 1:colcon.colcon_core.shell:create_environment_hook('client', 'cmake_prefix_path')
[2.424s] INFO:colcon.colcon_core.shell:Creating environment hook '/home/lsm/Project/ros2_study/3.services/client/install/client/share/client/hook/cmake_prefix_path.ps1'
[2.425s] INFO:colcon.colcon_core.shell:Creating environment hook '/home/lsm/Project/ros2_study/3.services/client/install/client/share/client/hook/cmake_prefix_path.sh'
[2.427s] Level 1:colcon.colcon_core.environment:checking '/home/lsm/Project/ros2_study/3.services/client/install/client/bin'
[2.428s] Level 1:colcon.colcon_core.environment:checking '/home/lsm/Project/ros2_study/3.services/client/install/client/lib/pkgconfig/client.pc'
[2.428s] Level 1:colcon.colcon_core.environment:checking '/home/lsm/Project/ros2_study/3.services/client/install/client/lib/python3.6/site-packages'
[2.429s] INFO:colcon.colcon_core.shell:Creating package script '/home/lsm/Project/ros2_study/3.services/client/install/client/share/client/package.ps1'
[2.431s] INFO:colcon.colcon_core.shell:Creating package script '/home/lsm/Project/ros2_study/3.services/client/install/client/share/client/package.sh'
[2.433s] INFO:colcon.colcon_core.shell:Creating package script '/home/lsm/Project/ros2_study/3.services/client/install/client/share/client/package.bash'
[2.434s] INFO:colcon.colcon_core.shell:Creating package script '/home/lsm/Project/ros2_study/3.services/client/install/client/share/client/package.zsh'
[2.436s] Level 1:colcon.colcon_core.environment:create_file_with_runtime_dependencies(/home/lsm/Project/ros2_study/3.services/client/install/client/share/colcon-core/packages/client)
[2.437s] DEBUG:colcon.colcon_parallel_executor.executor.parallel:closing loop
[2.438s] DEBUG:colcon.colcon_parallel_executor.executor.parallel:loop closed
[2.438s] DEBUG:colcon.colcon_parallel_executor.executor.parallel:run_until_complete finished with '0'
[2.438s] DEBUG:colcon.colcon_core.event_reactor:joining thread
[2.447s] INFO:colcon.colcon_core.plugin_system:Skipping extension 'colcon_notification.desktop_notification.terminal_notifier': Not used on non-Darwin systems
[2.447s] INFO:colcon.colcon_core.plugin_system:Skipping extension 'colcon_notification.desktop_notification.win32': Not used on non-Windows systems
[2.447s] INFO:colcon.colcon_notification.desktop_notification:Sending desktop notification using 'notify2'
[2.451s] DEBUG:colcon.colcon_core.event_reactor:joined thread
[2.452s] INFO:colcon.colcon_core.shell:Creating prefix script '/home/lsm/Project/ros2_study/3.services/client/install/local_setup.ps1'
[2.455s] INFO:colcon.colcon_core.shell:Creating prefix chain script '/home/lsm/Project/ros2_study/3.services/client/install/setup.ps1'
[2.456s] INFO:colcon.colcon_core.shell:Creating prefix script '/home/lsm/Project/ros2_study/3.services/client/install/local_setup.sh'
[2.458s] INFO:colcon.colcon_core.shell:Creating prefix chain script '/home/lsm/Project/ros2_study/3.services/client/install/setup.sh'
[2.460s] INFO:colcon.colcon_core.shell:Creating prefix script '/home/lsm/Project/ros2_study/3.services/client/install/local_setup.bash'
[2.463s] INFO:colcon.colcon_core.shell:Creating prefix chain script '/home/lsm/Project/ros2_study/3.services/client/install/setup.bash'
[2.465s] INFO:colcon.colcon_core.shell:Creating prefix script '/home/lsm/Project/ros2_study/3.services/client/install/local_setup.zsh'
[2.467s] INFO:colcon.colcon_core.shell:Creating prefix chain script '/home/lsm/Project/ros2_study/3.services/client/install/setup.zsh'
