[0.188s] DEBUG:colcon:Command line arguments: ['/usr/bin/colcon', 'build']
[0.188s] DEBUG:colcon:Parsed command line arguments: Namespace(ament_cmake_args=None, base_paths='.', build_base='build', catkin_cmake_args=None, catkin_skip_building_tests=False, cmake_args=None, cmake_clean_cache=False, cmake_clean_first=False, cmake_force_configure=False, cmake_target=None, cmake_target_skip_unavailable=False, continue_on_error=False, event_handlers=None, executor='parallel', ignore_user_meta=False, install_base='install', log_base='log', log_level=None, main=<bound method BuildVerb.main of <colcon_core.verb.build.BuildVerb object at 0x7f5c884be358>>, merge_install=False, metas='./colcon.meta', packages_above=None, packages_end=None, packages_ignore=None, packages_ignore_regex=None, packages_select=None, packages_select_build_failed=False, packages_select_by_dep=None, packages_select_regex=None, packages_select_test_failures=False, packages_skip=None, packages_skip_build_finished=False, packages_skip_by_dep=None, packages_skip_regex=None, packages_skip_test_passed=False, packages_skip_up_to=None, packages_start=None, packages_up_to=None, parallel_workers=4, paths=None, symlink_install=False, test_result_base=None, verb_extension=<colcon_core.verb.build.BuildVerb object at 0x7f5c884be358>, verb_name='build', verb_parser=<colcon_defaults.argument_parser.defaults.DefaultArgumentsDecorator object at 0x7f5c884be710>)
[0.239s] Level 1:colcon.colcon_core.package_discovery:discover_packages(colcon_meta) check parameters
[0.239s] Level 1:colcon.colcon_core.package_discovery:discover_packages(recursive) check parameters
[0.239s] Level 1:colcon.colcon_core.package_discovery:discover_packages(ignore) check parameters
[0.239s] Level 1:colcon.colcon_core.package_discovery:discover_packages(path) check parameters
[0.239s] Level 1:colcon.colcon_core.package_discovery:discover_packages(recursive) discover
[0.240s] INFO:colcon.colcon_core.package_discovery:Crawling recursively for packages in '/home/lsm/Project/ros2_study/5.custom'
[0.240s] Level 1:colcon.colcon_core.package_identification:_identify(/home/lsm/Project/ros2_study/5.custom) by extensions ['ignore', 'ignore_ament_install']
[0.240s] Level 1:colcon.colcon_core.package_identification:_identify(/home/lsm/Project/ros2_study/5.custom) by extension 'ignore'
[0.240s] Level 1:colcon.colcon_core.package_identification:_identify(/home/lsm/Project/ros2_study/5.custom) by extension 'ignore_ament_install'
[0.240s] Level 1:colcon.colcon_core.package_identification:_identify(/home/lsm/Project/ros2_study/5.custom) by extensions ['colcon_pkg']
[0.241s] Level 1:colcon.colcon_core.package_identification:_identify(/home/lsm/Project/ros2_study/5.custom) by extension 'colcon_pkg'
[0.241s] Level 1:colcon.colcon_core.package_identification:_identify(/home/lsm/Project/ros2_study/5.custom) by extensions ['colcon_meta']
[0.241s] Level 1:colcon.colcon_core.package_identification:_identify(/home/lsm/Project/ros2_study/5.custom) by extension 'colcon_meta'
[0.241s] Level 1:colcon.colcon_core.package_identification:_identify(/home/lsm/Project/ros2_study/5.custom) by extensions ['ros']
[0.241s] Level 1:colcon.colcon_core.package_identification:_identify(/home/lsm/Project/ros2_study/5.custom) by extension 'ros'
[0.256s] Level 1:colcon.colcon_core.package_identification:_identify(/home/lsm/Project/ros2_study/5.custom) by extensions ['cmake', 'python']
[0.256s] Level 1:colcon.colcon_core.package_identification:_identify(/home/lsm/Project/ros2_study/5.custom) by extension 'cmake'
[0.257s] Level 1:colcon.colcon_core.package_identification:_identify(/home/lsm/Project/ros2_study/5.custom) by extension 'python'
[0.257s] Level 1:colcon.colcon_core.package_identification:_identify(/home/lsm/Project/ros2_study/5.custom) by extensions ['python_setup_py']
[0.257s] Level 1:colcon.colcon_core.package_identification:_identify(/home/lsm/Project/ros2_study/5.custom) by extension 'python_setup_py'
[0.257s] Level 1:colcon.colcon_core.package_identification:_identify(/home/lsm/Project/ros2_study/5.custom/build) by extensions ['ignore', 'ignore_ament_install']
[0.257s] Level 1:colcon.colcon_core.package_identification:_identify(/home/lsm/Project/ros2_study/5.custom/build) by extension 'ignore'
[0.257s] Level 1:colcon.colcon_core.package_identification:_identify(/home/lsm/Project/ros2_study/5.custom/build) ignored
[0.258s] Level 1:colcon.colcon_core.package_identification:_identify(/home/lsm/Project/ros2_study/5.custom/contact) by extensions ['ignore', 'ignore_ament_install']
[0.258s] Level 1:colcon.colcon_core.package_identification:_identify(/home/lsm/Project/ros2_study/5.custom/contact) by extension 'ignore'
[0.258s] Level 1:colcon.colcon_core.package_identification:_identify(/home/lsm/Project/ros2_study/5.custom/contact) by extension 'ignore_ament_install'
[0.258s] Level 1:colcon.colcon_core.package_identification:_identify(/home/lsm/Project/ros2_study/5.custom/contact) by extensions ['colcon_pkg']
[0.259s] Level 1:colcon.colcon_core.package_identification:_identify(/home/lsm/Project/ros2_study/5.custom/contact) by extension 'colcon_pkg'
[0.259s] Level 1:colcon.colcon_core.package_identification:_identify(/home/lsm/Project/ros2_study/5.custom/contact) by extensions ['colcon_meta']
[0.259s] Level 1:colcon.colcon_core.package_identification:_identify(/home/lsm/Project/ros2_study/5.custom/contact) by extension 'colcon_meta'
[0.259s] Level 1:colcon.colcon_core.package_identification:_identify(/home/lsm/Project/ros2_study/5.custom/contact) by extensions ['ros']
[0.259s] Level 1:colcon.colcon_core.package_identification:_identify(/home/lsm/Project/ros2_study/5.custom/contact) by extension 'ros'
[0.262s] DEBUG:colcon.colcon_core.package_identification:Package '/home/lsm/Project/ros2_study/5.custom/contact' with type 'ros.ament_cmake' and name 'contact'
[0.262s] Level 1:colcon.colcon_core.package_identification:_identify(/home/lsm/Project/ros2_study/5.custom/cpublisher) by extensions ['ignore', 'ignore_ament_install']
[0.263s] Level 1:colcon.colcon_core.package_identification:_identify(/home/lsm/Project/ros2_study/5.custom/cpublisher) by extension 'ignore'
[0.263s] Level 1:colcon.colcon_core.package_identification:_identify(/home/lsm/Project/ros2_study/5.custom/cpublisher) by extension 'ignore_ament_install'
[0.263s] Level 1:colcon.colcon_core.package_identification:_identify(/home/lsm/Project/ros2_study/5.custom/cpublisher) by extensions ['colcon_pkg']
[0.263s] Level 1:colcon.colcon_core.package_identification:_identify(/home/lsm/Project/ros2_study/5.custom/cpublisher) by extension 'colcon_pkg'
[0.263s] Level 1:colcon.colcon_core.package_identification:_identify(/home/lsm/Project/ros2_study/5.custom/cpublisher) by extensions ['colcon_meta']
[0.263s] Level 1:colcon.colcon_core.package_identification:_identify(/home/lsm/Project/ros2_study/5.custom/cpublisher) by extension 'colcon_meta'
[0.263s] Level 1:colcon.colcon_core.package_identification:_identify(/home/lsm/Project/ros2_study/5.custom/cpublisher) by extensions ['ros']
[0.264s] Level 1:colcon.colcon_core.package_identification:_identify(/home/lsm/Project/ros2_study/5.custom/cpublisher) by extension 'ros'
[0.264s] DEBUG:colcon.colcon_core.package_identification:Package '/home/lsm/Project/ros2_study/5.custom/cpublisher' with type 'ros.ament_cmake' and name 'cpublisher'
[0.265s] Level 1:colcon.colcon_core.package_identification:_identify(/home/lsm/Project/ros2_study/5.custom/install) by extensions ['ignore', 'ignore_ament_install']
[0.265s] Level 1:colcon.colcon_core.package_identification:_identify(/home/lsm/Project/ros2_study/5.custom/install) by extension 'ignore'
[0.265s] Level 1:colcon.colcon_core.package_identification:_identify(/home/lsm/Project/ros2_study/5.custom/install) ignored
[0.265s] Level 1:colcon.colcon_core.package_identification:_identify(/home/lsm/Project/ros2_study/5.custom/log) by extensions ['ignore', 'ignore_ament_install']
[0.265s] Level 1:colcon.colcon_core.package_identification:_identify(/home/lsm/Project/ros2_study/5.custom/log) by extension 'ignore'
[0.265s] Level 1:colcon.colcon_core.package_identification:_identify(/home/lsm/Project/ros2_study/5.custom/log) ignored
[0.265s] Level 1:colcon.colcon_core.package_discovery:discover_packages(recursive) using defaults
[0.271s] Level 5:colcon.colcon_core.verb:set package 'contact' build argument 'cmake_args' from command line to 'None'
[0.272s] Level 5:colcon.colcon_core.verb:set package 'contact' build argument 'cmake_target' from command line to 'None'
[0.272s] Level 5:colcon.colcon_core.verb:set package 'contact' build argument 'cmake_target_skip_unavailable' from command line to 'False'
[0.272s] Level 5:colcon.colcon_core.verb:set package 'contact' build argument 'cmake_clean_cache' from command line to 'False'
[0.272s] Level 5:colcon.colcon_core.verb:set package 'contact' build argument 'cmake_clean_first' from command line to 'False'
[0.272s] Level 5:colcon.colcon_core.verb:set package 'contact' build argument 'cmake_force_configure' from command line to 'False'
[0.272s] Level 5:colcon.colcon_core.verb:set package 'contact' build argument 'ament_cmake_args' from command line to 'None'
[0.272s] Level 5:colcon.colcon_core.verb:set package 'contact' build argument 'catkin_cmake_args' from command line to 'None'
[0.272s] Level 5:colcon.colcon_core.verb:set package 'contact' build argument 'catkin_skip_building_tests' from command line to 'False'
[0.272s] DEBUG:colcon.colcon_core.verb:Building package 'contact' with the following arguments: {'ament_cmake_args': None, 'build_base': '/home/lsm/Project/ros2_study/5.custom/build/contact', 'catkin_cmake_args': None, 'catkin_skip_building_tests': False, 'cmake_args': None, 'cmake_clean_cache': False, 'cmake_clean_first': False, 'cmake_force_configure': False, 'cmake_target': None, 'cmake_target_skip_unavailable': False, 'install_base': '/home/lsm/Project/ros2_study/5.custom/install/contact', 'merge_install': False, 'path': '/home/lsm/Project/ros2_study/5.custom/contact', 'symlink_install': False, 'test_result_base': None}
[0.276s] Level 5:colcon.colcon_core.verb:set package 'cpublisher' build argument 'cmake_args' from command line to 'None'
[0.276s] Level 5:colcon.colcon_core.verb:set package 'cpublisher' build argument 'cmake_target' from command line to 'None'
[0.276s] Level 5:colcon.colcon_core.verb:set package 'cpublisher' build argument 'cmake_target_skip_unavailable' from command line to 'False'
[0.276s] Level 5:colcon.colcon_core.verb:set package 'cpublisher' build argument 'cmake_clean_cache' from command line to 'False'
[0.276s] Level 5:colcon.colcon_core.verb:set package 'cpublisher' build argument 'cmake_clean_first' from command line to 'False'
[0.276s] Level 5:colcon.colcon_core.verb:set package 'cpublisher' build argument 'cmake_force_configure' from command line to 'False'
[0.276s] Level 5:colcon.colcon_core.verb:set package 'cpublisher' build argument 'ament_cmake_args' from command line to 'None'
[0.276s] Level 5:colcon.colcon_core.verb:set package 'cpublisher' build argument 'catkin_cmake_args' from command line to 'None'
[0.276s] Level 5:colcon.colcon_core.verb:set package 'cpublisher' build argument 'catkin_skip_building_tests' from command line to 'False'
[0.276s] DEBUG:colcon.colcon_core.verb:Building package 'cpublisher' with the following arguments: {'ament_cmake_args': None, 'build_base': '/home/lsm/Project/ros2_study/5.custom/build/cpublisher', 'catkin_cmake_args': None, 'catkin_skip_building_tests': False, 'cmake_args': None, 'cmake_clean_cache': False, 'cmake_clean_first': False, 'cmake_force_configure': False, 'cmake_target': None, 'cmake_target_skip_unavailable': False, 'install_base': '/home/lsm/Project/ros2_study/5.custom/install/cpublisher', 'merge_install': False, 'path': '/home/lsm/Project/ros2_study/5.custom/cpublisher', 'symlink_install': False, 'test_result_base': None}
[0.278s] INFO:colcon.colcon_core.executor:Executing jobs using 'parallel' executor
[0.279s] DEBUG:colcon.colcon_parallel_executor.executor.parallel:run_until_complete
[0.280s] INFO:colcon.colcon_ros.task.ament_cmake.build:Building ROS package in '/home/lsm/Project/ros2_study/5.custom/contact' with build type 'ament_cmake'
[0.285s] INFO:colcon.colcon_core.plugin_system:Skipping extension 'colcon_core.shell.bat': Not used on non-Windows systems
[0.286s] INFO:colcon.colcon_cmake.task.cmake.build:Building CMake package in '/home/lsm/Project/ros2_study/5.custom/contact'
[0.287s] INFO:colcon.colcon_core.shell:Skip shell extension 'powershell' for command environment: Not usable outside of PowerShell
[0.287s] DEBUG:colcon.colcon_core.shell:Ignoring prefix path '/opt/ros/crystal'
[0.301s] DEBUG:colcon.colcon_core.event_handler.log_command:Invoking command in '/home/lsm/Project/ros2_study/5.custom/build/contact': CMAKE_PREFIX_PATH=${CMAKE_PREFIX_PATH}:/opt/ros/crystal /usr/bin/cmake --build /home/lsm/Project/ros2_study/5.custom/build/contact -- -j4 -l4
[0.697s] DEBUG:colcon.colcon_core.event_handler.log_command:Invoked command in '/home/lsm/Project/ros2_study/5.custom/build/contact' returned '0': CMAKE_PREFIX_PATH=${CMAKE_PREFIX_PATH}:/opt/ros/crystal /usr/bin/cmake --build /home/lsm/Project/ros2_study/5.custom/build/contact -- -j4 -l4
[0.901s] DEBUG:colcon.colcon_core.event_handler.log_command:Invoking command in '/home/lsm/Project/ros2_study/5.custom/build/contact': CMAKE_PREFIX_PATH=${CMAKE_PREFIX_PATH}:/opt/ros/crystal /usr/bin/cmake --build /home/lsm/Project/ros2_study/5.custom/build/contact --target install
[1.689s] Level 1:colcon.colcon_core.environment:create_environment_scripts_only(contact)
[1.696s] Level 1:colcon.colcon_core.environment:checking '/home/lsm/Project/ros2_study/5.custom/install/contact' for CMake module files
[1.699s] DEBUG:colcon.colcon_core.event_handler.log_command:Invoked command in '/home/lsm/Project/ros2_study/5.custom/build/contact' returned '0': CMAKE_PREFIX_PATH=${CMAKE_PREFIX_PATH}:/opt/ros/crystal /usr/bin/cmake --build /home/lsm/Project/ros2_study/5.custom/build/contact --target install
[1.699s] Level 1:colcon.colcon_core.environment:checking '/home/lsm/Project/ros2_study/5.custom/install/contact' for CMake config files
[1.700s] Level 1:colcon.colcon_core.shell:create_environment_hook('contact', 'cmake_prefix_path')
[1.701s] INFO:colcon.colcon_core.shell:Creating environment hook '/home/lsm/Project/ros2_study/5.custom/install/contact/share/contact/hook/cmake_prefix_path.ps1'
[1.702s] INFO:colcon.colcon_core.shell:Creating environment hook '/home/lsm/Project/ros2_study/5.custom/install/contact/share/contact/hook/cmake_prefix_path.sh'
[1.705s] Level 1:colcon.colcon_core.environment:checking '/home/lsm/Project/ros2_study/5.custom/install/contact/lib'
[1.705s] Level 1:colcon.colcon_core.shell:create_environment_hook('contact', 'ld_library_path_lib')
[1.706s] INFO:colcon.colcon_core.shell:Creating environment hook '/home/lsm/Project/ros2_study/5.custom/install/contact/share/contact/hook/ld_library_path_lib.ps1'
[1.707s] INFO:colcon.colcon_core.shell:Creating environment hook '/home/lsm/Project/ros2_study/5.custom/install/contact/share/contact/hook/ld_library_path_lib.sh'
[1.708s] Level 1:colcon.colcon_core.environment:checking '/home/lsm/Project/ros2_study/5.custom/install/contact/bin'
[1.708s] Level 1:colcon.colcon_core.environment:checking '/home/lsm/Project/ros2_study/5.custom/install/contact/lib/pkgconfig/contact.pc'
[1.708s] Level 1:colcon.colcon_core.environment:checking '/home/lsm/Project/ros2_study/5.custom/install/contact/lib/python3.6/site-packages'
[1.709s] Level 1:colcon.colcon_core.shell:create_environment_hook('contact', 'pythonpath')
[1.710s] INFO:colcon.colcon_core.shell:Creating environment hook '/home/lsm/Project/ros2_study/5.custom/install/contact/share/contact/hook/pythonpath.ps1'
[1.710s] INFO:colcon.colcon_core.shell:Creating environment hook '/home/lsm/Project/ros2_study/5.custom/install/contact/share/contact/hook/pythonpath.sh'
[1.712s] INFO:colcon.colcon_core.shell:Creating package script '/home/lsm/Project/ros2_study/5.custom/install/contact/share/contact/package.ps1'
[1.714s] INFO:colcon.colcon_core.shell:Creating package script '/home/lsm/Project/ros2_study/5.custom/install/contact/share/contact/package.sh'
[1.716s] INFO:colcon.colcon_core.shell:Creating package script '/home/lsm/Project/ros2_study/5.custom/install/contact/share/contact/package.bash'
[1.719s] INFO:colcon.colcon_core.shell:Creating package script '/home/lsm/Project/ros2_study/5.custom/install/contact/share/contact/package.zsh'
[1.721s] Level 1:colcon.colcon_core.environment:create_file_with_runtime_dependencies(/home/lsm/Project/ros2_study/5.custom/install/contact/share/colcon-core/packages/contact)
[1.721s] INFO:colcon.colcon_ros.task.ament_cmake.build:Building ROS package in '/home/lsm/Project/ros2_study/5.custom/cpublisher' with build type 'ament_cmake'
[1.723s] INFO:colcon.colcon_cmake.task.cmake.build:Building CMake package in '/home/lsm/Project/ros2_study/5.custom/cpublisher'
[1.724s] INFO:colcon.colcon_core.shell:Skip shell extension 'powershell' for command environment: Not usable outside of PowerShell
[1.726s] DEBUG:colcon.colcon_core.shell:Ignoring prefix path '/opt/ros/crystal'
[1.741s] DEBUG:colcon.colcon_core.event_handler.log_command:Invoking command in '/home/lsm/Project/ros2_study/5.custom/build/cpublisher': CMAKE_PREFIX_PATH=/home/lsm/Project/ros2_study/5.custom/install/contact:/home/lsm/Project/ros2_study/5.custom/install/cpublisher:/opt/ros/crystal /usr/bin/cmake --build /home/lsm/Project/ros2_study/5.custom/build/cpublisher -- -j4 -l4
[4.209s] DEBUG:colcon.colcon_core.event_handler.log_command:Invoked command in '/home/lsm/Project/ros2_study/5.custom/build/cpublisher' returned '0': CMAKE_PREFIX_PATH=/home/lsm/Project/ros2_study/5.custom/install/contact:/home/lsm/Project/ros2_study/5.custom/install/cpublisher:/opt/ros/crystal /usr/bin/cmake --build /home/lsm/Project/ros2_study/5.custom/build/cpublisher -- -j4 -l4
[4.258s] DEBUG:colcon.colcon_core.event_handler.log_command:Invoking command in '/home/lsm/Project/ros2_study/5.custom/build/cpublisher': CMAKE_PREFIX_PATH=/home/lsm/Project/ros2_study/5.custom/install/contact:/home/lsm/Project/ros2_study/5.custom/install/cpublisher:/opt/ros/crystal /usr/bin/cmake --build /home/lsm/Project/ros2_study/5.custom/build/cpublisher --target install
[4.364s] Level 1:colcon.colcon_core.environment:create_environment_scripts_only(cpublisher)
[4.365s] Level 1:colcon.colcon_core.environment:checking '/home/lsm/Project/ros2_study/5.custom/install/cpublisher' for CMake module files
[4.366s] DEBUG:colcon.colcon_core.event_handler.log_command:Invoked command in '/home/lsm/Project/ros2_study/5.custom/build/cpublisher' returned '0': CMAKE_PREFIX_PATH=/home/lsm/Project/ros2_study/5.custom/install/contact:/home/lsm/Project/ros2_study/5.custom/install/cpublisher:/opt/ros/crystal /usr/bin/cmake --build /home/lsm/Project/ros2_study/5.custom/build/cpublisher --target install
[4.367s] Level 1:colcon.colcon_core.environment:checking '/home/lsm/Project/ros2_study/5.custom/install/cpublisher' for CMake config files
[4.367s] Level 1:colcon.colcon_core.shell:create_environment_hook('cpublisher', 'cmake_prefix_path')
[4.368s] INFO:colcon.colcon_core.shell:Creating environment hook '/home/lsm/Project/ros2_study/5.custom/install/cpublisher/share/cpublisher/hook/cmake_prefix_path.ps1'
[4.368s] INFO:colcon.colcon_core.shell:Creating environment hook '/home/lsm/Project/ros2_study/5.custom/install/cpublisher/share/cpublisher/hook/cmake_prefix_path.sh'
[4.370s] Level 1:colcon.colcon_core.environment:checking '/home/lsm/Project/ros2_study/5.custom/install/cpublisher/bin'
[4.370s] Level 1:colcon.colcon_core.environment:checking '/home/lsm/Project/ros2_study/5.custom/install/cpublisher/lib/pkgconfig/cpublisher.pc'
[4.370s] Level 1:colcon.colcon_core.environment:checking '/home/lsm/Project/ros2_study/5.custom/install/cpublisher/lib/python3.6/site-packages'
[4.371s] INFO:colcon.colcon_core.shell:Creating package script '/home/lsm/Project/ros2_study/5.custom/install/cpublisher/share/cpublisher/package.ps1'
[4.372s] INFO:colcon.colcon_core.shell:Creating package script '/home/lsm/Project/ros2_study/5.custom/install/cpublisher/share/cpublisher/package.sh'
[4.373s] INFO:colcon.colcon_core.shell:Creating package script '/home/lsm/Project/ros2_study/5.custom/install/cpublisher/share/cpublisher/package.bash'
[4.373s] INFO:colcon.colcon_core.shell:Creating package script '/home/lsm/Project/ros2_study/5.custom/install/cpublisher/share/cpublisher/package.zsh'
[4.374s] Level 1:colcon.colcon_core.environment:create_file_with_runtime_dependencies(/home/lsm/Project/ros2_study/5.custom/install/cpublisher/share/colcon-core/packages/cpublisher)
[4.374s] DEBUG:colcon.colcon_parallel_executor.executor.parallel:closing loop
[4.375s] DEBUG:colcon.colcon_parallel_executor.executor.parallel:loop closed
[4.376s] DEBUG:colcon.colcon_parallel_executor.executor.parallel:run_until_complete finished with '0'
[4.376s] DEBUG:colcon.colcon_core.event_reactor:joining thread
[4.383s] INFO:colcon.colcon_core.plugin_system:Skipping extension 'colcon_notification.desktop_notification.terminal_notifier': Not used on non-Darwin systems
[4.383s] INFO:colcon.colcon_core.plugin_system:Skipping extension 'colcon_notification.desktop_notification.win32': Not used on non-Windows systems
[4.383s] INFO:colcon.colcon_notification.desktop_notification:Sending desktop notification using 'notify2'
[4.388s] DEBUG:colcon.colcon_core.event_reactor:joined thread
[4.389s] INFO:colcon.colcon_core.shell:Creating prefix script '/home/lsm/Project/ros2_study/5.custom/install/local_setup.ps1'
[4.393s] INFO:colcon.colcon_core.shell:Creating prefix chain script '/home/lsm/Project/ros2_study/5.custom/install/setup.ps1'
[4.398s] INFO:colcon.colcon_core.shell:Creating prefix script '/home/lsm/Project/ros2_study/5.custom/install/local_setup.sh'
[4.400s] INFO:colcon.colcon_core.shell:Creating prefix chain script '/home/lsm/Project/ros2_study/5.custom/install/setup.sh'
[4.403s] INFO:colcon.colcon_core.shell:Creating prefix script '/home/lsm/Project/ros2_study/5.custom/install/local_setup.bash'
[4.405s] INFO:colcon.colcon_core.shell:Creating prefix chain script '/home/lsm/Project/ros2_study/5.custom/install/setup.bash'
[4.407s] INFO:colcon.colcon_core.shell:Creating prefix script '/home/lsm/Project/ros2_study/5.custom/install/local_setup.zsh'
[4.409s] INFO:colcon.colcon_core.shell:Creating prefix chain script '/home/lsm/Project/ros2_study/5.custom/install/setup.zsh'
